2025-11-22 01:42:53,273 - INFO - >>> Starting Data Scraper Script
2025-11-22 01:42:53,273 - INFO - ========= STARTING NBA DATA SCRAPER =========
2025-11-22 01:42:53,273 - INFO - --- Scraping Daily Injury Report (CBS Sports) ---
2025-11-22 01:42:53,644 - INFO - Successfully saved clean prop_data/daily_injuries.csv
2025-11-22 01:42:53,644 - INFO - Scraped 101 injury records with Team context.
2025-11-22 01:42:53,644 - INFO - --- Scraping 5 files from Basketball-Reference.com (parallel) ---
2025-11-22 01:42:53,645 - INFO - Fetching [BBall-Ref] NBA Player Per Game Averages.csv...
2025-11-22 01:42:53,645 - INFO - Fetching [BBall-Ref] NBA Player Play-by-Play Stats.csv...
2025-11-22 01:42:53,646 - INFO - Fetching [BBall-Ref] NBA Player Advanced Stats.csv...
2025-11-22 01:42:53,646 - INFO - Fetching [BBall-Ref] NBA Player Shooting Stats.csv...
2025-11-22 01:42:53,646 - INFO - Fetching [BBall-Ref] NBA Player Adjusted Shooting Stats.csv...
2025-11-22 01:42:56,180 - INFO - Successfully saved clean prop_data/NBA Player Adjusted Shooting Stats.csv
2025-11-22 01:42:56,223 - INFO - Successfully saved clean prop_data/NBA Player Play-by-Play Stats.csv
2025-11-22 01:42:56,239 - INFO - Successfully saved clean prop_data/NBA Player Per Game Averages.csv
2025-11-22 01:42:56,270 - INFO - Successfully saved clean prop_data/NBA Player Advanced Stats.csv
2025-11-22 01:42:56,287 - INFO - Successfully saved clean prop_data/NBA Player Shooting Stats.csv
2025-11-22 01:42:59,293 - INFO - --- Fetching all nba-api data ---
2025-11-22 01:42:59,293 - INFO - Fetching Player Box Scores (full season) sequentially to respect rate limits...
2025-11-22 01:42:59,297 - INFO -   Getting box scores for Precious Achiuwa (1/571)...
2025-11-22 01:43:00,014 - INFO -   Getting box scores for Steven Adams (2/571)...
2025-11-22 01:43:00,652 - INFO -   Getting box scores for Bam Adebayo (3/571)...
2025-11-22 01:43:01,344 - INFO -   Getting box scores for Ochai Agbaji (4/571)...
2025-11-22 01:43:01,991 - INFO -   Getting box scores for Santi Aldama (5/571)...
2025-11-22 01:43:02,664 - INFO -   Getting box scores for Trey Alexander (6/571)...
2025-11-22 01:43:03,344 - INFO -   Getting box scores for Nickeil Alexander-Walker (7/571)...
2025-11-22 01:43:04,041 - INFO -   Getting box scores for Grayson Allen (8/571)...
2025-11-22 01:43:04,681 - INFO -   Getting box scores for Jarrett Allen (9/571)...
2025-11-22 01:43:05,319 - INFO -   Getting box scores for Jose Alvarado (10/571)...
2025-11-22 01:43:06,019 - INFO -   Getting box scores for Kyle Anderson (11/571)...
2025-11-22 01:43:06,662 - INFO -   Getting box scores for Giannis Antetokounmpo (12/571)...
2025-11-22 01:43:07,297 - INFO -   Getting box scores for Cole Anthony (13/571)...
2025-11-22 01:43:08,102 - INFO -   Getting box scores for OG Anunoby (14/571)...
2025-11-22 01:43:08,750 - INFO -   Getting box scores for Taran Armstrong (15/571)...
2025-11-22 01:43:09,404 - INFO -   Getting box scores for Deni Avdija (16/571)...
2025-11-22 01:43:10,095 - INFO -   Getting box scores for Deandre Ayton (17/571)...
2025-11-22 01:43:10,764 - INFO -   Getting box scores for Marcus Bagley (18/571)...
2025-11-22 01:43:11,404 - INFO -   Getting box scores for Marvin Bagley III (19/571)...
2025-11-22 01:43:12,052 - INFO -   Getting box scores for Patrick Baldwin Jr. (20/571)...
2025-11-22 01:43:12,699 - INFO -   Getting box scores for LaMelo Ball (21/571)...
2025-11-22 01:43:13,422 - INFO -   Getting box scores for Lonzo Ball (22/571)...
2025-11-22 01:43:14,068 - INFO -   Getting box scores for Mo Bamba (23/571)...
2025-11-22 01:43:14,716 - INFO -   Getting box scores for Paolo Banchero (24/571)...
2025-11-22 01:43:15,362 - INFO -   Getting box scores for Desmond Bane (25/571)...
2025-11-22 01:43:16,044 - INFO -   Getting box scores for Dalano Banton (26/571)...
2025-11-22 01:43:16,680 - INFO -   Getting box scores for Dominick Barlow (27/571)...
2025-11-22 01:43:17,324 - INFO -   Getting box scores for Harrison Barnes (28/571)...
2025-11-22 01:43:17,968 - INFO -   Getting box scores for Scottie Barnes (29/571)...
2025-11-22 01:43:18,640 - INFO -   Getting box scores for RJ Barrett (30/571)...
2025-11-22 01:43:19,345 - INFO -   Getting box scores for Charles Bassey (31/571)...
2025-11-22 01:43:19,981 - INFO -   Getting box scores for Emoni Bates (32/571)...
2025-11-22 01:43:20,623 - INFO -   Getting box scores for Jamison Battle (33/571)...
2025-11-22 01:43:21,256 - INFO -   Getting box scores for Nicolas Batum (34/571)...
2025-11-22 01:43:21,904 - INFO -   Getting box scores for Damion Baugh (35/571)...
2025-11-22 01:43:22,541 - INFO -   Getting box scores for Bradley Beal (36/571)...
2025-11-22 01:43:23,187 - INFO -   Getting box scores for Malik Beasley (37/571)...
2025-11-22 01:43:23,834 - INFO -   Getting box scores for MarJon Beauchamp (38/571)...
2025-11-22 01:43:24,473 - INFO -   Getting box scores for Reece Beekman (39/571)...
2025-11-22 01:43:25,113 - INFO -   Getting box scores for Goga Bitadze (40/571)...
2025-11-22 01:43:25,763 - INFO -   Getting box scores for Bismack Biyombo (41/571)...
2025-11-22 01:43:26,414 - INFO -   Getting box scores for Anthony Black (42/571)...
2025-11-22 01:43:27,091 - INFO -   Getting box scores for Bogdan Bogdanović (43/571)...
2025-11-22 01:43:27,759 - INFO -   Getting box scores for Bol Bol (44/571)...
2025-11-22 01:43:28,424 - INFO -   Getting box scores for Adem Bona (45/571)...
2025-11-22 01:43:29,061 - INFO -   Getting box scores for Devin Booker (46/571)...
2025-11-22 01:43:29,765 - INFO -   Getting box scores for Brandon Boston (47/571)...
2025-11-22 01:43:30,404 - INFO -   Getting box scores for Chris Boucher (48/571)...
2025-11-22 01:43:31,083 - INFO -   Getting box scores for Jamaree Bouyea (49/571)...
2025-11-22 01:43:31,721 - INFO -   Getting box scores for Tony Bradley (50/571)...
2025-11-22 01:43:32,363 - INFO -   Getting box scores for Malaki Branham (51/571)...
2025-11-22 01:43:33,007 - INFO -   Getting box scores for Christian Braun (52/571)...
2025-11-22 01:43:33,657 - INFO -   Getting box scores for Jalen Bridges (53/571)...
2025-11-22 01:43:34,299 - INFO -   Getting box scores for Mikal Bridges (54/571)...
2025-11-22 01:43:34,933 - INFO -   Getting box scores for Miles Bridges (55/571)...
2025-11-22 01:43:35,582 - INFO -   Getting box scores for Oshae Brissett (56/571)...
2025-11-22 01:43:36,220 - INFO -   Getting box scores for Malcolm Brogdon (57/571)...
2025-11-22 01:43:36,859 - INFO -   Getting box scores for Dillon Brooks (58/571)...
2025-11-22 01:43:37,539 - INFO -   Getting box scores for Keion Brooks Jr. (59/571)...
2025-11-22 01:43:38,206 - INFO -   Getting box scores for Bruce Brown (60/571)...
2025-11-22 01:43:38,852 - INFO -   Getting box scores for Jaylen Brown (61/571)...
2025-11-22 01:43:39,548 - INFO -   Getting box scores for Kobe Brown (62/571)...
2025-11-22 01:43:40,185 - INFO -   Getting box scores for Moses Brown (63/571)...
2025-11-22 01:43:40,831 - INFO -   Getting box scores for Jalen Brunson (64/571)...
2025-11-22 01:43:41,478 - INFO -   Getting box scores for Thomas Bryant (65/571)...
2025-11-22 01:43:42,135 - INFO -   Getting box scores for Kobe Bufkin (66/571)...
2025-11-22 01:43:42,775 - INFO -   Getting box scores for Alec Burks (67/571)...
2025-11-22 01:43:43,420 - INFO -   Getting box scores for Jared Butler (68/571)...
2025-11-22 01:43:44,070 - INFO -   Getting box scores for Jimmy Butler III (69/571)...
2025-11-22 01:43:44,766 - INFO -   Getting box scores for Matas Buzelis (70/571)...
2025-11-22 01:43:45,419 - INFO -   Getting box scores for Jamal Cain (71/571)...
2025-11-22 01:43:46,062 - INFO -   Getting box scores for Kentavious Caldwell-Pope (72/571)...
2025-11-22 01:43:46,747 - INFO -   Getting box scores for Toumani Camara (73/571)...
2025-11-22 01:43:47,426 - INFO -   Getting box scores for Clint Capela (74/571)...
2025-11-22 01:43:48,099 - INFO -   Getting box scores for Branden Carlson (75/571)...
2025-11-22 01:43:48,747 - INFO -   Getting box scores for Bub Carrington (76/571)...
2025-11-22 01:43:49,429 - INFO -   Getting box scores for Devin Carter (77/571)...
2025-11-22 01:43:50,073 - INFO -   Getting box scores for Jevon Carter (78/571)...
2025-11-22 01:43:50,757 - INFO -   Getting box scores for Wendell Carter Jr. (79/571)...
2025-11-22 01:43:51,398 - INFO -   Getting box scores for D.J. Carton (80/571)...
2025-11-22 01:43:52,044 - INFO -   Getting box scores for Alex Caruso (81/571)...
2025-11-22 01:43:52,707 - INFO -   Getting box scores for Stephon Castle (82/571)...
2025-11-22 01:43:53,353 - INFO -   Getting box scores for Colin Castleton (83/571)...
2025-11-22 01:43:53,990 - INFO -   Getting box scores for Julian Champagnie (84/571)...
2025-11-22 01:43:54,678 - INFO -   Getting box scores for Justin Champagnie (85/571)...
2025-11-22 01:43:55,356 - INFO -   Getting box scores for Ulrich Chomche (86/571)...
2025-11-22 01:43:55,999 - INFO -   Getting box scores for Cam Christie (87/571)...
2025-11-22 01:43:56,647 - INFO -   Getting box scores for Max Christie (88/571)...
2025-11-22 01:43:57,333 - INFO -   Getting box scores for Josh Christopher (89/571)...
2025-11-22 01:43:57,986 - INFO -   Getting box scores for Sidy Cissoko (90/571)...
2025-11-22 01:43:58,624 - INFO -   Getting box scores for Jaylen Clark (91/571)...
2025-11-22 01:43:59,268 - INFO -   Getting box scores for Brandon Clarke (92/571)...
2025-11-22 01:43:59,933 - INFO -   Getting box scores for Jordan Clarkson (93/571)...
2025-11-22 01:44:00,575 - INFO -   Getting box scores for Nic Claxton (94/571)...
2025-11-22 01:44:01,222 - INFO -   Getting box scores for Donovan Clingan (95/571)...
2025-11-22 01:44:01,866 - INFO -   Getting box scores for Noah Clowney (96/571)...
2025-11-22 01:44:02,549 - INFO -   Getting box scores for Amir Coffey (97/571)...
2025-11-22 01:44:03,200 - INFO -   Getting box scores for Isaiah Collier (98/571)...
2025-11-22 01:44:03,839 - INFO -   Getting box scores for John Collins (99/571)...
2025-11-22 01:44:04,489 - INFO -   Getting box scores for Yuri Collins (100/571)...
2025-11-22 01:44:05,127 - INFO -   Getting box scores for Zach Collins (101/571)...
2025-11-22 01:44:05,770 - INFO -   Getting box scores for Mike Conley (102/571)...
2025-11-22 01:44:06,415 - INFO -   Getting box scores for Pat Connaughton (103/571)...
2025-11-22 01:44:07,069 - INFO -   Getting box scores for Bilal Coulibaly (104/571)...
2025-11-22 01:44:07,756 - INFO -   Getting box scores for Ricky Council IV (105/571)...
2025-11-22 01:44:08,403 - INFO -   Getting box scores for Torrey Craig (106/571)...
2025-11-22 01:44:09,084 - INFO -   Getting box scores for Isaiah Crawford (107/571)...
2025-11-22 01:44:09,728 - INFO -   Getting box scores for Jae Crowder (108/571)...
2025-11-22 01:44:10,370 - INFO -   Getting box scores for Cui Cui (109/571)...
2025-11-22 01:44:11,015 - INFO -   Getting box scores for Cade Cunningham (110/571)...
2025-11-22 01:44:11,684 - INFO -   Getting box scores for Seth Curry (111/571)...
2025-11-22 01:44:12,326 - INFO -   Getting box scores for Stephen Curry (112/571)...
2025-11-22 01:44:12,973 - INFO -   Getting box scores for Pacôme Dadiet (113/571)...
2025-11-22 01:44:13,615 - INFO -   Getting box scores for Dyson Daniels (114/571)...
2025-11-22 01:44:14,293 - INFO -   Getting box scores for N'Faly Dante (115/571)...
2025-11-22 01:44:14,934 - INFO -   Getting box scores for Anthony Davis (116/571)...
2025-11-22 01:44:15,574 - INFO -   Getting box scores for Johnny Davis (117/571)...
2025-11-22 01:44:16,217 - INFO -   Getting box scores for Terence Davis (118/571)...
2025-11-22 01:44:16,860 - INFO -   Getting box scores for JD Davison (119/571)...
2025-11-22 01:44:17,499 - INFO -   Getting box scores for DeMar DeRozan (120/571)...
2025-11-22 01:44:18,173 - INFO -   Getting box scores for RayJ Dennis (121/571)...
2025-11-22 01:44:18,818 - INFO -   Getting box scores for Donte DiVincenzo (122/571)...
2025-11-22 01:44:19,467 - INFO -   Getting box scores for Moussa Diabaté (123/571)...
2025-11-22 01:44:20,109 - INFO -   Getting box scores for Gradey Dick (124/571)...
2025-11-22 01:44:20,752 - INFO -   Getting box scores for Ousmane Dieng (125/571)...
2025-11-22 01:44:21,392 - INFO -   Getting box scores for Rob Dillingham (126/571)...
2025-11-22 01:44:22,043 - INFO -   Getting box scores for Spencer Dinwiddie (127/571)...
2025-11-22 01:44:22,700 - INFO -   Getting box scores for Luka Dončić (128/571)...
2025-11-22 01:44:23,398 - INFO -   Getting box scores for Luguentz Dort (129/571)...
2025-11-22 01:44:24,085 - INFO -   Getting box scores for Ayo Dosunmu (130/571)...
2025-11-22 01:44:24,738 - INFO -   Getting box scores for Jeff Dowtin Jr. (131/571)...
2025-11-22 01:44:25,375 - INFO -   Getting box scores for PJ Dozier (132/571)...
2025-11-22 01:44:26,034 - INFO -   Getting box scores for Andre Drummond (133/571)...
2025-11-22 01:44:26,679 - INFO -   Getting box scores for Chris Duarte (134/571)...
2025-11-22 01:44:27,319 - INFO -   Getting box scores for Alex Ducas (135/571)...
2025-11-22 01:44:27,962 - INFO -   Getting box scores for David Duke Jr. (136/571)...
2025-11-22 01:44:28,604 - INFO -   Getting box scores for Kris Dunn (137/571)...
2025-11-22 01:44:29,252 - INFO -   Getting box scores for Ryan Dunn (138/571)...
2025-11-22 01:44:29,915 - INFO -   Getting box scores for Kevin Durant (139/571)...
2025-11-22 01:44:30,555 - INFO -   Getting box scores for Jalen Duren (140/571)...
2025-11-22 01:44:31,238 - INFO -   Getting box scores for Tari Eason (141/571)...
2025-11-22 01:44:31,886 - INFO -   Getting box scores for Zach Edey (142/571)...
2025-11-22 01:44:32,550 - INFO -   Getting box scores for Anthony Edwards (143/571)...
2025-11-22 01:44:33,286 - INFO -   Getting box scores for Jesse Edwards (144/571)...
2025-11-22 01:44:33,933 - INFO -   Getting box scores for Justin Edwards (145/571)...
2025-11-22 01:44:34,580 - INFO -   Getting box scores for Kessler Edwards (146/571)...
2025-11-22 01:44:35,224 - INFO -   Getting box scores for Keon Ellis (147/571)...
2025-11-22 01:44:35,915 - INFO -   Getting box scores for Joel Embiid (148/571)...
2025-11-22 01:44:36,556 - INFO -   Getting box scores for Tyson Etienne (149/571)...
2025-11-22 01:44:37,199 - INFO -   Getting box scores for Drew Eubanks (150/571)...
2025-11-22 01:44:37,866 - INFO -   Getting box scores for Tosan Evbuomwan (151/571)...
2025-11-22 01:44:38,509 - INFO -   Getting box scores for Danté Exum (152/571)...
2025-11-22 01:44:39,154 - INFO -   Getting box scores for Bruno Fernando (153/571)...
2025-11-22 01:44:39,795 - INFO -   Getting box scores for Kyle Filipowski (154/571)...
2025-11-22 01:44:40,438 - INFO -   Getting box scores for Dorian Finney-Smith (155/571)...
2025-11-22 01:44:41,096 - INFO -   Getting box scores for Adam Flagler (156/571)...
2025-11-22 01:44:41,761 - INFO -   Getting box scores for Trentyn Flowers (157/571)...
2025-11-22 01:44:42,405 - INFO -   Getting box scores for Malachi Flynn (158/571)...
2025-11-22 01:44:43,042 - INFO -   Getting box scores for Simone Fontecchio (159/571)...
2025-11-22 01:44:43,686 - INFO -   Getting box scores for De'Aaron Fox (160/571)...
2025-11-22 01:44:44,334 - INFO -   Getting box scores for Enrique Freeman (161/571)...
2025-11-22 01:44:44,967 - INFO -   Getting box scores for Markelle Fultz (162/571)...
2025-11-22 01:44:45,606 - INFO -   Getting box scores for Johnny Furphy (163/571)...
2025-11-22 01:44:46,244 - INFO -   Getting box scores for Daniel Gafford (164/571)...
2025-11-22 01:44:46,951 - INFO -   Getting box scores for Darius Garland (165/571)...
2025-11-22 01:44:47,631 - INFO -   Getting box scores for Marcus Garrett (166/571)...
2025-11-22 01:44:48,281 - INFO -   Getting box scores for Luka Garza (167/571)...
2025-11-22 01:44:48,970 - INFO -   Getting box scores for Keyonte George (168/571)...
2025-11-22 01:44:49,648 - INFO -   Getting box scores for Kyshawn George (169/571)...
2025-11-22 01:44:50,356 - INFO -   Getting box scores for Paul George (170/571)...
2025-11-22 01:44:51,091 - INFO -   Getting box scores for Taj Gibson (171/571)...
2025-11-22 01:44:51,801 - INFO -   Getting box scores for Josh Giddey (172/571)...
2025-11-22 01:44:52,494 - INFO -   Getting box scores for Shai Gilgeous-Alexander (173/571)...
2025-11-22 01:44:53,147 - INFO -   Getting box scores for Anthony Gill (174/571)...
2025-11-22 01:44:53,785 - INFO -   Getting box scores for Collin Gillespie (175/571)...
2025-11-22 01:44:54,440 - INFO -   Getting box scores for Rudy Gobert (176/571)...
2025-11-22 01:44:55,114 - INFO -   Getting box scores for Jordan Goodwin (177/571)...
2025-11-22 01:44:55,757 - INFO -   Getting box scores for Aaron Gordon (178/571)...
2025-11-22 01:44:56,401 - INFO -   Getting box scores for Eric Gordon (179/571)...
2025-11-22 01:44:57,056 - INFO -   Getting box scores for Jazian Gortman (180/571)...
2025-11-22 01:44:57,701 - INFO -   Getting box scores for Jerami Grant (181/571)...
2025-11-22 01:44:58,340 - INFO -   Getting box scores for AJ Green (182/571)...
2025-11-22 01:44:59,001 - INFO -   Getting box scores for Draymond Green (183/571)...
2025-11-22 01:44:59,648 - INFO -   Getting box scores for Jalen Green (184/571)...
2025-11-22 01:45:00,334 - INFO -   Getting box scores for Javonte Green (185/571)...
2025-11-22 01:45:01,063 - INFO -   Getting box scores for Jeff Green (186/571)...
2025-11-22 01:45:01,754 - INFO -   Getting box scores for Josh Green (187/571)...
2025-11-22 01:45:02,478 - INFO -   Getting box scores for Quentin Grimes (188/571)...
2025-11-22 01:45:03,120 - INFO -   Getting box scores for Mouhamed Gueye (189/571)...
2025-11-22 01:45:03,781 - INFO -   Getting box scores for Rui Hachimura (190/571)...
2025-11-22 01:45:04,423 - INFO -   Getting box scores for Tyrese Haliburton (191/571)...
2025-11-22 01:45:05,062 - INFO -   Getting box scores for PJ Hall (192/571)...
2025-11-22 01:45:05,709 - INFO -   Getting box scores for Tim Hardaway Jr. (193/571)...
2025-11-22 01:45:06,354 - INFO -   Getting box scores for James Harden (194/571)...
2025-11-22 01:45:06,997 - INFO -   Getting box scores for Jaden Hardy (195/571)...
2025-11-22 01:45:07,651 - INFO -   Getting box scores for Elijah Harkless (196/571)...
2025-11-22 01:45:08,323 - INFO -   Getting box scores for Ron Harper Jr. (197/571)...
2025-11-22 01:45:08,968 - INFO -   Getting box scores for Gary Harris (198/571)...
2025-11-22 01:45:09,612 - INFO -   Getting box scores for Tobias Harris (199/571)...
2025-11-22 01:45:10,260 - INFO -   Getting box scores for Josh Hart (200/571)...
2025-11-22 01:45:10,944 - INFO -   Getting box scores for Isaiah Hartenstein (201/571)...
2025-11-22 01:45:11,602 - INFO -   Getting box scores for Sam Hauser (202/571)...
2025-11-22 01:45:12,245 - INFO -   Getting box scores for Jordan Hawkins (203/571)...
2025-11-22 01:45:12,886 - INFO -   Getting box scores for Jaxson Hayes (204/571)...
2025-11-22 01:45:13,531 - INFO -   Getting box scores for Killian Hayes (205/571)...
2025-11-22 01:45:14,170 - INFO -   Getting box scores for Scoot Henderson (206/571)...
2025-11-22 01:45:14,812 - INFO -   Getting box scores for Taylor Hendricks (207/571)...
2025-11-22 01:45:15,464 - INFO -   Getting box scores for Tyler Herro (208/571)...
2025-11-22 01:45:16,110 - INFO -   Getting box scores for Buddy Hield (209/571)...
2025-11-22 01:45:16,761 - INFO -   Getting box scores for Haywood Highsmith (210/571)...
2025-11-22 01:45:17,406 - INFO -   Getting box scores for Aaron Holiday (211/571)...
2025-11-22 01:45:18,054 - INFO -   Getting box scores for Jrue Holiday (212/571)...
2025-11-22 01:45:18,700 - INFO -   Getting box scores for Ronald Holland II (213/571)...
2025-11-22 01:45:19,371 - INFO -   Getting box scores for Richaun Holmes (214/571)...
2025-11-22 01:45:20,037 - INFO -   Getting box scores for Chet Holmgren (215/571)...
2025-11-22 01:45:20,691 - INFO -   Getting box scores for Jalen Hood-Schifino (216/571)...
2025-11-22 01:45:21,344 - INFO -   Getting box scores for Al Horford (217/571)...
2025-11-22 01:45:22,015 - INFO -   Getting box scores for Talen Horton-Tucker (218/571)...
2025-11-22 01:45:22,678 - INFO -   Getting box scores for Caleb Houstan (219/571)...
2025-11-22 01:45:23,321 - INFO -   Getting box scores for Jett Howard (220/571)...
2025-11-22 01:45:23,969 - INFO -   Getting box scores for Kevin Huerter (221/571)...
2025-11-22 01:45:24,619 - INFO -   Getting box scores for Jay Huff (222/571)...
2025-11-22 01:45:25,267 - INFO -   Getting box scores for Ariel Hukporti (223/571)...
2025-11-22 01:45:25,914 - INFO -   Getting box scores for De'Andre Hunter (224/571)...
2025-11-22 01:45:26,590 - INFO -   Getting box scores for Bones Hyland (225/571)...
2025-11-22 01:45:27,239 - INFO -   Getting box scores for Oso Ighodaro (226/571)...
2025-11-22 01:45:27,884 - INFO -   Getting box scores for Joe Ingles (227/571)...
2025-11-22 01:45:28,531 - INFO -   Getting box scores for Brandon Ingram (228/571)...
2025-11-22 01:45:29,243 - INFO -   Getting box scores for Harrison Ingram (229/571)...
2025-11-22 01:45:29,896 - INFO -   Getting box scores for Kyrie Irving (230/571)...
2025-11-22 01:45:30,539 - INFO -   Getting box scores for Jonathan Isaac (231/571)...
2025-11-22 01:45:31,196 - INFO -   Getting box scores for Jaden Ivey (232/571)...
2025-11-22 01:45:31,862 - INFO -   Getting box scores for GG Jackson (233/571)...
2025-11-22 01:45:32,502 - INFO -   Getting box scores for Isaiah Jackson (234/571)...
2025-11-22 01:45:33,168 - INFO -   Getting box scores for Quenton Jackson (235/571)...
2025-11-22 01:45:33,810 - INFO -   Getting box scores for Reggie Jackson (236/571)...
2025-11-22 01:45:34,456 - INFO -   Getting box scores for Andre Jackson Jr. (237/571)...
2025-11-22 01:45:35,100 - INFO -   Getting box scores for Jaren Jackson Jr. (238/571)...
2025-11-22 01:45:35,739 - INFO -   Getting box scores for Trayce Jackson-Davis (239/571)...
2025-11-22 01:45:36,385 - INFO -   Getting box scores for Bronny James (240/571)...
2025-11-22 01:45:37,082 - INFO -   Getting box scores for LeBron James (241/571)...
2025-11-22 01:45:37,721 - INFO -   Getting box scores for Jaime Jaquez Jr. (242/571)...
2025-11-22 01:45:38,362 - INFO -   Getting box scores for DaQuan Jeffries (243/571)...
2025-11-22 01:45:39,003 - INFO -   Getting box scores for Trey Jemison III (244/571)...
2025-11-22 01:45:39,657 - INFO -   Getting box scores for Daniss Jenkins (245/571)...
2025-11-22 01:45:40,306 - INFO -   Getting box scores for Ty Jerome (246/571)...
2025-11-22 01:45:40,944 - INFO -   Getting box scores for Isaiah Joe (247/571)...
2025-11-22 01:45:41,594 - INFO -   Getting box scores for AJ Johnson (248/571)...
2025-11-22 01:45:42,236 - INFO -   Getting box scores for Cameron Johnson (249/571)...
2025-11-22 01:45:42,913 - INFO -   Getting box scores for Jalen Johnson (250/571)...
2025-11-22 01:45:43,597 - INFO -   Getting box scores for James Johnson (251/571)...
2025-11-22 01:45:44,231 - INFO -   Getting box scores for Keldon Johnson (252/571)...
2025-11-22 01:45:44,875 - INFO -   Getting box scores for Keon Johnson (253/571)...
2025-11-22 01:45:45,514 - INFO -   Getting box scores for Keshad Johnson (254/571)...
2025-11-22 01:45:46,153 - INFO -   Getting box scores for Nikola Jokić (255/571)...
2025-11-22 01:45:46,791 - INFO -   Getting box scores for Colby Jones (256/571)...
2025-11-22 01:45:47,437 - INFO -   Getting box scores for Dillon Jones (257/571)...
2025-11-22 01:45:48,082 - INFO -   Getting box scores for Herbert Jones (258/571)...
2025-11-22 01:45:48,745 - INFO -   Getting box scores for Isaac Jones (259/571)...
2025-11-22 01:45:49,394 - INFO -   Getting box scores for Kai Jones (260/571)...
2025-11-22 01:45:50,033 - INFO -   Getting box scores for Mason Jones (261/571)...
2025-11-22 01:45:50,677 - INFO -   Getting box scores for Spencer Jones (262/571)...
2025-11-22 01:45:51,322 - INFO -   Getting box scores for Tre Jones (263/571)...
2025-11-22 01:45:51,972 - INFO -   Getting box scores for Tyus Jones (264/571)...
2025-11-22 01:45:52,615 - INFO -   Getting box scores for Derrick Jones Jr. (265/571)...
2025-11-22 01:45:53,258 - INFO -   Getting box scores for DeAndre Jordan (266/571)...
2025-11-22 01:45:53,900 - INFO -   Getting box scores for Cory Joseph (267/571)...
2025-11-22 01:45:54,549 - INFO -   Getting box scores for Nikola Jović (268/571)...
2025-11-22 01:45:55,197 - INFO -   Getting box scores for Johnny Juzang (269/571)...
2025-11-22 01:45:55,847 - INFO -   Getting box scores for Yuki Kawamura (270/571)...
2025-11-22 01:45:56,493 - INFO -   Getting box scores for Kylor Kelley (271/571)...
2025-11-22 01:45:57,138 - INFO -   Getting box scores for Luke Kennard (272/571)...
2025-11-22 01:45:57,784 - INFO -   Getting box scores for Walker Kessler (273/571)...
2025-11-22 01:45:58,420 - INFO -   Getting box scores for Braxton Key (274/571)...
2025-11-22 01:45:59,086 - INFO -   Getting box scores for Corey Kispert (275/571)...
2025-11-22 01:45:59,735 - INFO -   Getting box scores for Maxi Kleber (276/571)...
2025-11-22 01:46:00,379 - INFO -   Getting box scores for Bobi Klintman (277/571)...
2025-11-22 01:46:01,025 - INFO -   Getting box scores for Dalton Knecht (278/571)...
2025-11-22 01:46:01,719 - INFO -   Getting box scores for Kevin Knox II (279/571)...
2025-11-22 01:46:02,361 - INFO -   Getting box scores for Tyler Kolek (280/571)...
2025-11-22 01:46:03,002 - INFO -   Getting box scores for Christian Koloko (281/571)...
2025-11-22 01:46:03,644 - INFO -   Getting box scores for John Konchar (282/571)...
2025-11-22 01:46:04,289 - INFO -   Getting box scores for Luke Kornet (283/571)...
2025-11-22 01:46:04,931 - INFO -   Getting box scores for Vít Krejčí (284/571)...
2025-11-22 01:46:05,578 - INFO -   Getting box scores for Jonathan Kuminga (285/571)...
2025-11-22 01:46:06,228 - INFO -   Getting box scores for Kyle Kuzma (286/571)...
2025-11-22 01:46:06,916 - INFO -   Getting box scores for Jake LaRavia (287/571)...
2025-11-22 01:46:07,565 - INFO -   Getting box scores for Zach LaVine (288/571)...
2025-11-22 01:46:08,211 - INFO -   Getting box scores for Skal Labissiere (289/571)...
2025-11-22 01:46:08,864 - INFO -   Getting box scores for Jock Landale (290/571)...
2025-11-22 01:46:09,509 - INFO -   Getting box scores for Pelle Larsson (291/571)...
2025-11-22 01:46:10,151 - INFO -   Getting box scores for A.J. Lawson (292/571)...
2025-11-22 01:46:10,794 - INFO -   Getting box scores for Caris LeVert (293/571)...
2025-11-22 01:46:11,444 - INFO -   Getting box scores for Damion Lee (294/571)...
2025-11-22 01:46:12,096 - INFO -   Getting box scores for Alex Len (295/571)...
2025-11-22 01:46:12,766 - INFO -   Getting box scores for Kawhi Leonard (296/571)...
2025-11-22 01:46:13,407 - INFO -   Getting box scores for Malevy Leons (297/571)...
2025-11-22 01:46:14,053 - INFO -   Getting box scores for Maxwell Lewis (298/571)...
2025-11-22 01:46:14,692 - INFO -   Getting box scores for E.J. Liddell (299/571)...
2025-11-22 01:46:15,336 - INFO -   Getting box scores for Damian Lillard (300/571)...
2025-11-22 01:46:15,989 - INFO -   Getting box scores for Dereck Lively II (301/571)...
2025-11-22 01:46:16,694 - INFO -   Getting box scores for Chris Livingston (302/571)...
2025-11-22 01:46:17,406 - INFO -   Getting box scores for Kevon Looney (303/571)...
2025-11-22 01:46:18,052 - INFO -   Getting box scores for Brook Lopez (304/571)...
2025-11-22 01:46:18,700 - INFO -   Getting box scores for Kevin Love (305/571)...
2025-11-22 01:46:19,345 - INFO -   Getting box scores for Kyle Lowry (306/571)...
2025-11-22 01:46:19,985 - INFO -   Getting box scores for Seth Lundy (307/571)...
2025-11-22 01:46:20,632 - INFO -   Getting box scores for Trey Lyles (308/571)...
2025-11-22 01:46:21,284 - INFO -   Getting box scores for Sandro Mamukelashvili (309/571)...
2025-11-22 01:46:21,929 - INFO -   Getting box scores for Terance Mann (310/571)...
2025-11-22 01:46:22,579 - INFO -   Getting box scores for Tre Mann (311/571)...
2025-11-22 01:46:23,229 - INFO -   Getting box scores for Lauri Markkanen (312/571)...
2025-11-22 01:46:23,878 - INFO -   Getting box scores for Naji Marshall (313/571)...
2025-11-22 01:46:24,517 - INFO -   Getting box scores for Caleb Martin (314/571)...
2025-11-22 01:46:25,158 - INFO -   Getting box scores for Cody Martin (315/571)...
2025-11-22 01:46:25,804 - INFO -   Getting box scores for Jaylen Martin (316/571)...
2025-11-22 01:46:26,453 - INFO -   Getting box scores for KJ Martin (317/571)...
2025-11-22 01:46:27,095 - INFO -   Getting box scores for Tyrese Martin (318/571)...
2025-11-22 01:46:27,743 - INFO -   Getting box scores for Garrison Mathews (319/571)...
2025-11-22 01:46:28,396 - INFO -   Getting box scores for Bennedict Mathurin (320/571)...
2025-11-22 01:46:29,036 - INFO -   Getting box scores for Karlo Matković (321/571)...
2025-11-22 01:46:29,685 - INFO -   Getting box scores for Tyrese Maxey (322/571)...
2025-11-22 01:46:30,328 - INFO -   Getting box scores for Miles McBride (323/571)...
2025-11-22 01:46:31,045 - INFO -   Getting box scores for Jared McCain (324/571)...
2025-11-22 01:46:31,687 - INFO -   Getting box scores for Mac McClung (325/571)...
2025-11-22 01:46:32,337 - INFO -   Getting box scores for CJ McCollum (326/571)...
2025-11-22 01:46:32,978 - INFO -   Getting box scores for T.J. McConnell (327/571)...
2025-11-22 01:46:33,626 - INFO -   Getting box scores for Kevin McCullar Jr. (328/571)...
2025-11-22 01:46:34,274 - INFO -   Getting box scores for Jaden McDaniels (329/571)...
2025-11-22 01:46:34,934 - INFO -   Getting box scores for Jalen McDaniels (330/571)...
2025-11-22 01:46:35,581 - INFO -   Getting box scores for Doug McDermott (331/571)...
2025-11-22 01:46:36,237 - INFO -   Getting box scores for Bryce McGowens (332/571)...
2025-11-22 01:46:36,883 - INFO -   Getting box scores for Jordan McLaughlin (333/571)...
2025-11-22 01:46:37,526 - INFO -   Getting box scores for Jack McVeigh (334/571)...
2025-11-22 01:46:38,167 - INFO -   Getting box scores for De'Anthony Melton (335/571)...
2025-11-22 01:46:38,804 - INFO -   Getting box scores for Sam Merrill (336/571)...
2025-11-22 01:46:39,462 - INFO -   Getting box scores for Vasilije Micic (337/571)...
2025-11-22 01:46:40,103 - INFO -   Getting box scores for Khris Middleton (338/571)...
2025-11-22 01:46:40,741 - INFO -   Getting box scores for Brandon Miller (339/571)...
2025-11-22 01:46:41,380 - INFO -   Getting box scores for Emanuel Miller (340/571)...
2025-11-22 01:46:42,042 - INFO -   Getting box scores for Jordan Miller (341/571)...
2025-11-22 01:46:42,688 - INFO -   Getting box scores for Leonard Miller (342/571)...
2025-11-22 01:46:43,327 - INFO -   Getting box scores for Patty Mills (343/571)...
2025-11-22 01:46:43,973 - INFO -   Getting box scores for Shake Milton (344/571)...
2025-11-22 01:46:44,653 - INFO -   Getting box scores for Justin Minaya (345/571)...
2025-11-22 01:46:45,289 - INFO -   Getting box scores for Riley Minix (346/571)...
2025-11-22 01:46:45,926 - INFO -   Getting box scores for Josh Minott (347/571)...
2025-11-22 01:46:46,622 - INFO -   Getting box scores for Yves Missi (348/571)...
2025-11-22 01:46:47,269 - INFO -   Getting box scores for Ajay Mitchell (349/571)...
2025-11-22 01:46:47,921 - INFO -   Getting box scores for Davion Mitchell (350/571)...
2025-11-22 01:46:48,563 - INFO -   Getting box scores for Donovan Mitchell (351/571)...
2025-11-22 01:46:49,265 - INFO -   Getting box scores for Evan Mobley (352/571)...
2025-11-22 01:46:49,964 - INFO -   Getting box scores for Isaiah Mobley (353/571)...
2025-11-22 01:46:50,607 - INFO -   Getting box scores for Jonathan Mogbo (354/571)...
2025-11-22 01:46:51,246 - INFO -   Getting box scores for Malik Monk (355/571)...
2025-11-22 01:46:51,891 - INFO -   Getting box scores for Moses Moody (356/571)...
2025-11-22 01:46:52,530 - INFO -   Getting box scores for Taze Moore (357/571)...
2025-11-22 01:46:53,173 - INFO -   Getting box scores for Wendell Moore Jr. (358/571)...
2025-11-22 01:46:53,817 - INFO -   Getting box scores for Ja Morant (359/571)...
2025-11-22 01:46:54,498 - INFO -   Getting box scores for Markieff Morris (360/571)...
2025-11-22 01:46:55,139 - INFO -   Getting box scores for Monté Morris (361/571)...
2025-11-22 01:46:55,790 - INFO -   Getting box scores for Trey Murphy III (362/571)...
2025-11-22 01:46:56,465 - INFO -   Getting box scores for Dejounte Murray (363/571)...
2025-11-22 01:46:57,190 - INFO -   Getting box scores for Jamal Murray (364/571)...
2025-11-22 01:46:57,843 - INFO -   Getting box scores for Keegan Murray (365/571)...
2025-11-22 01:46:58,485 - INFO -   Getting box scores for Kris Murray (366/571)...
2025-11-22 01:46:59,128 - INFO -   Getting box scores for Svi Mykhailiuk (367/571)...
2025-11-22 01:46:59,771 - INFO -   Getting box scores for Pete Nance (368/571)...
2025-11-22 01:47:00,413 - INFO -   Getting box scores for Larry Nance Jr. (369/571)...
2025-11-22 01:47:01,056 - INFO -   Getting box scores for Andrew Nembhard (370/571)...
2025-11-22 01:47:01,740 - INFO -   Getting box scores for Aaron Nesmith (371/571)...
2025-11-22 01:47:02,381 - INFO -   Getting box scores for Tristen Newton (372/571)...
2025-11-22 01:47:03,022 - INFO -   Getting box scores for Georges Niang (373/571)...
2025-11-22 01:47:03,664 - INFO -   Getting box scores for Daishen Nix (374/571)...
2025-11-22 01:47:04,315 - INFO -   Getting box scores for Zeke Nnaji (375/571)...
2025-11-22 01:47:04,958 - INFO -   Getting box scores for Miles Norris (376/571)...
2025-11-22 01:47:05,646 - INFO -   Getting box scores for Jaylen Nowell (377/571)...
2025-11-22 01:47:06,304 - INFO -   Getting box scores for Jusuf Nurkić (378/571)...
2025-11-22 01:47:06,989 - INFO -   Getting box scores for Royce O'Neale (379/571)...
2025-11-22 01:47:07,681 - INFO -   Getting box scores for Jahlil Okafor (380/571)...
2025-11-22 01:47:08,326 - INFO -   Getting box scores for Chuma Okeke (381/571)...
2025-11-22 01:47:08,972 - INFO -   Getting box scores for Josh Okogie (382/571)...
2025-11-22 01:47:09,632 - INFO -   Getting box scores for Onyeka Okongwu (383/571)...
2025-11-22 01:47:10,314 - INFO -   Getting box scores for Isaac Okoro (384/571)...
2025-11-22 01:47:10,954 - INFO -   Getting box scores for Quincy Olivari (385/571)...
2025-11-22 01:47:11,596 - INFO -   Getting box scores for Kelly Olynyk (386/571)...
2025-11-22 01:47:12,240 - INFO -   Getting box scores for Kelly Oubre Jr. (387/571)...
2025-11-22 01:47:12,879 - INFO -   Getting box scores for Chris Paul (388/571)...
2025-11-22 01:47:13,560 - INFO -   Getting box scores for Cameron Payne (389/571)...
2025-11-22 01:47:14,201 - INFO -   Getting box scores for Elfrid Payton (390/571)...
2025-11-22 01:47:14,837 - INFO -   Getting box scores for Gary Payton II (391/571)...
2025-11-22 01:47:15,496 - INFO -   Getting box scores for Drew Peterson (392/571)...
2025-11-22 01:47:16,131 - INFO -   Getting box scores for Julian Phillips (393/571)...
2025-11-22 01:47:16,801 - INFO -   Getting box scores for Jalen Pickett (394/571)...
2025-11-22 01:47:17,457 - INFO -   Getting box scores for Scotty Pippen Jr. (395/571)...
2025-11-22 01:47:18,153 - INFO -   Getting box scores for Daeqwon Plowden (396/571)...
2025-11-22 01:47:18,869 - INFO -   Getting box scores for Mason Plumlee (397/571)...
2025-11-22 01:47:19,557 - INFO -   Getting box scores for Brandin Podziemski (398/571)...
2025-11-22 01:47:20,200 - INFO -   Getting box scores for Jakob Poeltl (399/571)...
2025-11-22 01:47:20,879 - INFO -   Getting box scores for Jordan Poole (400/571)...
2025-11-22 01:47:21,550 - INFO -   Getting box scores for Craig Porter Jr. (401/571)...
2025-11-22 01:47:22,234 - INFO -   Getting box scores for Kevin Porter Jr. (402/571)...
2025-11-22 01:47:22,971 - INFO -   Getting box scores for Michael Porter Jr. (403/571)...
2025-11-22 01:47:23,659 - INFO -   Getting box scores for Bobby Portis (404/571)...
2025-11-22 01:47:24,343 - INFO -   Getting box scores for Kristaps Porziņģis (405/571)...
2025-11-22 01:47:25,017 - INFO -   Getting box scores for Quinten Post (406/571)...
2025-11-22 01:47:25,671 - INFO -   Getting box scores for Micah Potter (407/571)...
2025-11-22 01:47:26,311 - INFO -   Getting box scores for Dwight Powell (408/571)...
2025-11-22 01:47:27,008 - INFO -   Getting box scores for Norman Powell (409/571)...
2025-11-22 01:47:27,677 - INFO -   Getting box scores for Taurean Prince (410/571)...
2025-11-22 01:47:28,353 - INFO -   Getting box scores for Payton Pritchard (411/571)...
2025-11-22 01:47:29,058 - INFO -   Getting box scores for Olivier-Maxence Prosper (412/571)...
2025-11-22 01:47:29,703 - INFO -   Getting box scores for Zyon Pullin (413/571)...
2025-11-22 01:47:30,343 - INFO -   Getting box scores for Trevelin Queen (414/571)...
2025-11-22 01:47:30,983 - INFO -   Getting box scores for Neemias Queta (415/571)...
2025-11-22 01:47:31,677 - INFO -   Getting box scores for Immanuel Quickley (416/571)...
2025-11-22 01:47:32,354 - INFO -   Getting box scores for Lester Quinones (417/571)...
2025-11-22 01:47:33,039 - INFO -   Getting box scores for Julius Randle (418/571)...
2025-11-22 01:47:33,736 - INFO -   Getting box scores for Duop Reath (419/571)...
2025-11-22 01:47:34,385 - INFO -   Getting box scores for Austin Reaves (420/571)...
2025-11-22 01:47:35,065 - INFO -   Getting box scores for Cam Reddish (421/571)...
2025-11-22 01:47:35,741 - INFO -   Getting box scores for Paul Reed (422/571)...
2025-11-22 01:47:36,438 - INFO -   Getting box scores for Alex Reese (423/571)...
2025-11-22 01:47:37,082 - INFO -   Getting box scores for Antonio Reeves (424/571)...
2025-11-22 01:47:37,731 - INFO -   Getting box scores for Naz Reid (425/571)...
2025-11-22 01:47:38,436 - INFO -   Getting box scores for Jared Rhoden (426/571)...
2025-11-22 01:47:39,119 - INFO -   Getting box scores for Nick Richards (427/571)...
2025-11-22 01:47:39,793 - INFO -   Getting box scores for Josh Richardson (428/571)...
2025-11-22 01:47:40,479 - INFO -   Getting box scores for Zaccharie Risacher (429/571)...
2025-11-22 01:47:41,115 - INFO -   Getting box scores for Liam Robbins (430/571)...
2025-11-22 01:47:41,756 - INFO -   Getting box scores for Duncan Robinson (431/571)...
2025-11-22 01:47:42,436 - INFO -   Getting box scores for Mitchell Robinson (432/571)...
2025-11-22 01:47:43,109 - INFO -   Getting box scores for Orlando Robinson (433/571)...
2025-11-22 01:47:43,803 - INFO -   Getting box scores for Jeremiah Robinson-Earl (434/571)...
2025-11-22 01:47:44,482 - INFO -   Getting box scores for David Roddy (435/571)...
2025-11-22 01:47:45,161 - INFO -   Getting box scores for Ryan Rollins (436/571)...
2025-11-22 01:47:45,873 - INFO -   Getting box scores for Jackson Rowe (437/571)...
2025-11-22 01:47:46,518 - INFO -   Getting box scores for Terry Rozier (438/571)...
2025-11-22 01:47:47,194 - INFO -   Getting box scores for Rayan Rupert (439/571)...
2025-11-22 01:47:47,844 - INFO -   Getting box scores for D'Angelo Russell (440/571)...
2025-11-22 01:47:48,598 - INFO -   Getting box scores for Matt Ryan (441/571)...
2025-11-22 01:47:49,280 - INFO -   Getting box scores for Domantas Sabonis (442/571)...
2025-11-22 01:47:49,962 - INFO -   Getting box scores for Tidjane Salaün (443/571)...
2025-11-22 01:47:50,610 - INFO -   Getting box scores for Adama Sanogo (444/571)...
2025-11-22 01:47:51,255 - INFO -   Getting box scores for Gui Santos (445/571)...
2025-11-22 01:47:51,897 - INFO -   Getting box scores for Alex Sarr (446/571)...
2025-11-22 01:47:52,535 - INFO -   Getting box scores for Marcus Sasser (447/571)...
2025-11-22 01:47:53,178 - INFO -   Getting box scores for Baylor Scheierman (448/571)...
2025-11-22 01:47:53,890 - INFO -   Getting box scores for Dennis Schröder (449/571)...
2025-11-22 01:47:54,574 - INFO -   Getting box scores for Alperen Sengun (450/571)...
2025-11-22 01:47:55,255 - INFO -   Getting box scores for Brice Sensabaugh (451/571)...
2025-11-22 01:47:55,894 - INFO -   Getting box scores for Collin Sexton (452/571)...
2025-11-22 01:47:56,565 - INFO -   Getting box scores for Landry Shamet (453/571)...
2025-11-22 01:47:57,252 - INFO -   Getting box scores for Terrence Shannon Jr. (454/571)...
2025-11-22 01:47:57,898 - INFO -   Getting box scores for Day'Ron Sharpe (455/571)...
2025-11-22 01:47:58,626 - INFO -   Getting box scores for Shaedon Sharpe (456/571)...
2025-11-22 01:47:59,307 - INFO -   Getting box scores for Jamal Shead (457/571)...
2025-11-22 01:47:59,941 - INFO -   Getting box scores for Ben Sheppard (458/571)...
2025-11-22 01:48:00,584 - INFO -   Getting box scores for Reed Sheppard (459/571)...
2025-11-22 01:48:01,225 - INFO -   Getting box scores for Pascal Siakam (460/571)...
2025-11-22 01:48:01,924 - INFO -   Getting box scores for Ben Simmons (461/571)...
2025-11-22 01:48:02,599 - INFO -   Getting box scores for Anfernee Simons (462/571)...
2025-11-22 01:48:03,273 - INFO -   Getting box scores for KJ Simpson (463/571)...
2025-11-22 01:48:03,915 - INFO -   Getting box scores for Jaylen Sims (464/571)...
2025-11-22 01:48:04,602 - INFO -   Getting box scores for Jericho Sims (465/571)...
2025-11-22 01:48:05,293 - INFO -   Getting box scores for Marcus Smart (466/571)...
2025-11-22 01:48:05,975 - INFO -   Getting box scores for Dru Smith (467/571)...
2025-11-22 01:48:06,677 - INFO -   Getting box scores for Jalen Smith (468/571)...
2025-11-22 01:48:07,380 - INFO -   Getting box scores for Tolu Smith (469/571)...
2025-11-22 01:48:08,017 - INFO -   Getting box scores for Tyler Smith (470/571)...
2025-11-22 01:48:08,660 - INFO -   Getting box scores for Jabari Smith Jr. (471/571)...
2025-11-22 01:48:09,347 - INFO -   Getting box scores for Nick Smith Jr. (472/571)...
2025-11-22 01:48:09,990 - INFO -   Getting box scores for Jeremy Sochan (473/571)...
2025-11-22 01:48:10,701 - INFO -   Getting box scores for Cam Spencer (474/571)...
2025-11-22 01:48:11,341 - INFO -   Getting box scores for Pat Spencer (475/571)...
2025-11-22 01:48:12,019 - INFO -   Getting box scores for Jaden Springer (476/571)...
2025-11-22 01:48:12,690 - INFO -   Getting box scores for Isaiah Stevens (477/571)...
2025-11-22 01:48:13,328 - INFO -   Getting box scores for Lamar Stevens (478/571)...
2025-11-22 01:48:14,038 - INFO -   Getting box scores for Isaiah Stewart (479/571)...
2025-11-22 01:48:14,713 - INFO -   Getting box scores for Julian Strawther (480/571)...
2025-11-22 01:48:15,356 - INFO -   Getting box scores for Max Strus (481/571)...
2025-11-22 01:48:16,040 - INFO -   Getting box scores for Jalen Suggs (482/571)...
2025-11-22 01:48:16,740 - INFO -   Getting box scores for Cole Swider (483/571)...
2025-11-22 01:48:17,414 - INFO -   Getting box scores for Jae'Sean Tate (484/571)...
2025-11-22 01:48:18,113 - INFO -   Getting box scores for Jayson Tatum (485/571)...
2025-11-22 01:48:18,795 - INFO -   Getting box scores for Terry Taylor (486/571)...
2025-11-22 01:48:19,482 - INFO -   Getting box scores for Garrett Temple (487/571)...
2025-11-22 01:48:20,153 - INFO -   Getting box scores for Dalen Terry (488/571)...
2025-11-22 01:48:20,844 - INFO -   Getting box scores for Daniel Theis (489/571)...
2025-11-22 01:48:21,538 - INFO -   Getting box scores for Cam Thomas (490/571)...
2025-11-22 01:48:22,215 - INFO -   Getting box scores for Amen Thompson (491/571)...
2025-11-22 01:48:22,876 - INFO -   Getting box scores for Ausar Thompson (492/571)...
2025-11-22 01:48:23,552 - INFO -   Getting box scores for Klay Thompson (493/571)...
2025-11-22 01:48:24,222 - INFO -   Getting box scores for Tristan Thompson (494/571)...
2025-11-22 01:48:24,895 - INFO -   Getting box scores for JT Thor (495/571)...
2025-11-22 01:48:25,571 - INFO -   Getting box scores for Matisse Thybulle (496/571)...
2025-11-22 01:48:26,273 - INFO -   Getting box scores for Xavier Tillman (497/571)...
2025-11-22 01:48:26,951 - INFO -   Getting box scores for Drew Timme (498/571)...
2025-11-22 01:48:27,591 - INFO -   Getting box scores for Nae'Qwan Tomlin (499/571)...
2025-11-22 01:48:28,271 - INFO -   Getting box scores for Jacob Toppin (500/571)...
2025-11-22 01:48:28,913 - INFO -   Getting box scores for Obi Toppin (501/571)...
2025-11-22 01:48:29,553 - INFO -   Getting box scores for Karl-Anthony Towns (502/571)...
2025-11-22 01:48:30,220 - INFO -   Getting box scores for Armel Traore (503/571)...
2025-11-22 01:48:30,858 - INFO -   Getting box scores for Luke Travers (504/571)...
2025-11-22 01:48:31,542 - INFO -   Getting box scores for Gary Trent Jr. (505/571)...
2025-11-22 01:48:32,216 - INFO -   Getting box scores for Oscar Tshiebwe (506/571)...
2025-11-22 01:48:32,864 - INFO -   Getting box scores for P.J. Tucker (507/571)...
2025-11-22 01:48:33,540 - INFO -   Getting box scores for Myles Turner (508/571)...
2025-11-22 01:48:34,224 - INFO -   Getting box scores for Hunter Tyson (509/571)...
2025-11-22 01:48:34,876 - INFO -   Getting box scores for Jaylon Tyson (510/571)...
2025-11-22 01:48:35,556 - INFO -   Getting box scores for Stanley Umude (511/571)...
2025-11-22 01:48:36,241 - INFO -   Getting box scores for Jonas Valančiūnas (512/571)...
2025-11-22 01:48:36,924 - INFO -   Getting box scores for Fred VanVleet (513/571)...
2025-11-22 01:48:37,604 - INFO -   Getting box scores for Jarred Vanderbilt (514/571)...
2025-11-22 01:48:38,283 - INFO -   Getting box scores for Devin Vassell (515/571)...
2025-11-22 01:48:38,959 - INFO -   Getting box scores for Gabe Vincent (516/571)...
2025-11-22 01:48:39,649 - INFO -   Getting box scores for Tristan Vukcevic (517/571)...
2025-11-22 01:48:40,287 - INFO -   Getting box scores for Nikola Vučević (518/571)...
2025-11-22 01:48:40,963 - INFO -   Getting box scores for Dean Wade (519/571)...
2025-11-22 01:48:41,640 - INFO -   Getting box scores for Franz Wagner (520/571)...
2025-11-22 01:48:42,317 - INFO -   Getting box scores for Moritz Wagner (521/571)...
2025-11-22 01:48:43,000 - INFO -   Getting box scores for Jabari Walker (522/571)...
2025-11-22 01:48:43,685 - INFO -   Getting box scores for Jarace Walker (523/571)...
2025-11-22 01:48:44,326 - INFO -   Getting box scores for Lonnie Walker IV (524/571)...
2025-11-22 01:48:45,010 - INFO -   Getting box scores for Cason Wallace (525/571)...
2025-11-22 01:48:45,653 - INFO -   Getting box scores for Keaton Wallace (526/571)...
2025-11-22 01:48:46,296 - INFO -   Getting box scores for Jordan Walsh (527/571)...
2025-11-22 01:48:46,978 - INFO -   Getting box scores for Ja'Kobe Walter (528/571)...
2025-11-22 01:48:47,623 - INFO -   Getting box scores for Kel'el Ware (529/571)...
2025-11-22 01:48:48,265 - INFO -   Getting box scores for P.J. Washington (530/571)...
2025-11-22 01:48:48,938 - INFO -   Getting box scores for TyTy Washington Jr. (531/571)...
2025-11-22 01:48:49,620 - INFO -   Getting box scores for Lindy Waters III (532/571)...
2025-11-22 01:48:50,300 - INFO -   Getting box scores for Trendon Watford (533/571)...
2025-11-22 01:48:50,986 - INFO -   Getting box scores for Anton Watson (534/571)...
2025-11-22 01:48:51,639 - INFO -   Getting box scores for Peyton Watson (535/571)...
2025-11-22 01:48:52,342 - INFO -   Getting box scores for Jaylen Wells (536/571)...
2025-11-22 01:48:53,019 - INFO -   Getting box scores for Victor Wembanyama (537/571)...
2025-11-22 01:48:53,663 - INFO -   Getting box scores for Blake Wesley (538/571)...
2025-11-22 01:48:54,341 - INFO -   Getting box scores for Russell Westbrook (539/571)...
2025-11-22 01:48:54,999 - INFO -   Getting box scores for Phillip Wheeler (540/571)...
2025-11-22 01:48:55,644 - INFO -   Getting box scores for Coby White (541/571)...
2025-11-22 01:48:56,322 - INFO -   Getting box scores for Derrick White (542/571)...
2025-11-22 01:48:56,998 - INFO -   Getting box scores for Dariq Whitehead (543/571)...
2025-11-22 01:48:57,638 - INFO -   Getting box scores for Cam Whitmore (544/571)...
2025-11-22 01:48:58,272 - INFO -   Getting box scores for Aaron Wiggins (545/571)...
2025-11-22 01:48:58,954 - INFO -   Getting box scores for Andrew Wiggins (546/571)...
2025-11-22 01:48:59,654 - INFO -   Getting box scores for Alondes Williams (547/571)...
2025-11-22 01:49:00,338 - INFO -   Getting box scores for Brandon Williams (548/571)...
2025-11-22 01:49:00,981 - INFO -   Getting box scores for Cody Williams (549/571)...
2025-11-22 01:49:01,617 - INFO -   Getting box scores for Grant Williams (550/571)...
2025-11-22 01:49:02,299 - INFO -   Getting box scores for Jalen Williams (551/571)...
2025-11-22 01:49:02,991 - INFO -   Getting box scores for Jaylin Williams (552/571)...
2025-11-22 01:49:03,664 - INFO -   Getting box scores for Kenrich Williams (553/571)...
2025-11-22 01:49:04,342 - INFO -   Getting box scores for Mark Williams (554/571)...
2025-11-22 01:49:05,032 - INFO -   Getting box scores for Nate Williams (555/571)...
2025-11-22 01:49:05,713 - INFO -   Getting box scores for Patrick Williams (556/571)...
2025-11-22 01:49:06,398 - INFO -   Getting box scores for Ziaire Williams (557/571)...
2025-11-22 01:49:07,107 - INFO -   Getting box scores for Robert Williams III (558/571)...
2025-11-22 01:49:07,796 - INFO -   Getting box scores for Vince Williams Jr. (559/571)...
2025-11-22 01:49:08,474 - INFO -   Getting box scores for Zion Williamson (560/571)...
2025-11-22 01:49:09,170 - INFO -   Getting box scores for Jalen Wilson (561/571)...
2025-11-22 01:49:09,811 - INFO -   Getting box scores for James Wiseman (562/571)...
2025-11-22 01:49:10,486 - INFO -   Getting box scores for Isaiah Wong (563/571)...
2025-11-22 01:49:11,130 - INFO -   Getting box scores for Delon Wright (564/571)...
2025-11-22 01:49:11,830 - INFO -   Getting box scores for Guerschon Yabusele (565/571)...
2025-11-22 01:49:12,488 - INFO -   Getting box scores for Jahmir Young (566/571)...
2025-11-22 01:49:13,158 - INFO -   Getting box scores for Trae Young (567/571)...
2025-11-22 01:49:13,831 - INFO -   Getting box scores for Ivica Zubac (568/571)...
2025-11-22 01:49:14,503 - INFO -   Getting box scores for Tristan da Silva (569/571)...
2025-11-22 01:49:15,178 - INFO -   Getting box scores for Vlatko Čančar (570/571)...
2025-11-22 01:49:15,822 - INFO -   Getting box scores for Dario Šarić (571/571)...
2025-11-22 01:49:16,552 - INFO - Successfully saved clean prop_data/NBA Player Box Scores.csv
2025-11-22 01:49:16,552 - INFO - Fetching remaining Player and Team Stats (parallel)...
2025-11-22 01:49:16,552 - INFO - Fetching [nba-api] NBA Player Stats Home.csv...
2025-11-22 01:49:16,553 - INFO - Fetching [nba-api] NBA Player Stats Away:Road.csv...
2025-11-22 01:49:16,553 - INFO - Fetching [nba-api] NBA Player Stats Last 5 Games.csv...
2025-11-22 01:49:16,555 - INFO - Fetching [nba-api] NBA Player Individual Defense.csv...
2025-11-22 01:49:16,555 - INFO - Fetching [nba-api] NBA Player Opponent Stats Against Them.csv...
2025-11-22 01:49:16,557 - INFO - Fetching [nba-api] NBA Team General Stats.csv...
2025-11-22 01:49:16,558 - INFO - Fetching [nba-api] NBA Player Q2.csv...
2025-11-22 01:49:16,558 - INFO - Fetching [nba-api] NBA Player Q3.csv...
2025-11-22 01:49:16,557 - INFO - Fetching [nba-api] NBA Team Defense.csv...
2025-11-22 01:49:16,557 - INFO - Fetching [nba-api] NBA Player Q1.csv...
2025-11-22 01:49:16,722 - INFO - Successfully saved clean prop_data/NBA Player Stats Home.csv
2025-11-22 01:49:16,722 - INFO - Fetching [nba-api] NBA Player Q4.csv...
2025-11-22 01:49:16,757 - INFO - Successfully saved clean prop_data/NBA Team Defense.csv
2025-11-22 01:49:16,770 - INFO - Successfully saved clean prop_data/NBA Player Individual Defense.csv
2025-11-22 01:49:16,787 - INFO - Successfully saved clean prop_data/NBA Team General Stats.csv
2025-11-22 01:49:16,828 - INFO - Successfully saved clean prop_data/NBA Player Opponent Stats Against Them.csv
2025-11-22 01:49:16,849 - INFO - Successfully saved clean prop_data/NBA Player Q4.csv
2025-11-22 01:49:16,869 - INFO - Successfully saved clean prop_data/NBA Player Q1.csv
2025-11-22 01:49:16,880 - INFO - Successfully saved clean prop_data/NBA Player Q3.csv
2025-11-22 01:49:16,896 - INFO - Successfully saved clean prop_data/NBA Player Q2.csv
2025-11-22 01:49:16,897 - INFO - Successfully saved clean prop_data/NBA Player Stats Last 5 Games.csv
2025-11-22 01:49:17,027 - INFO - Successfully saved clean prop_data/NBA Player Stats Away:Road.csv
2025-11-22 01:49:17,027 - INFO - --- All nba-api data fetched successfully ---
2025-11-22 01:49:17,030 - INFO - --- Scraping 147 files from TeamRankings.com (parallel) ---
2025-11-22 01:49:17,030 - INFO - Fetching [TeamRankings] NBA Team Points per Game.csv...
2025-11-22 01:49:17,030 - INFO - Fetching [TeamRankings] NBA Team Average Scoring Margin.csv...
2025-11-22 01:49:17,031 - INFO - Fetching [TeamRankings] NBA Team Offensive Efficiency.csv...
2025-11-22 01:49:17,031 - INFO - Fetching [TeamRankings] NBA Team Floor %.csv...
2025-11-22 01:49:17,032 - INFO - Fetching [TeamRankings] NBA Team 3rd Quarter Points per Game.csv...
2025-11-22 01:49:17,032 - INFO - Fetching [TeamRankings] NBA Team 2nd Quarter Points per Game.csv...
2025-11-22 01:49:17,033 - INFO - Fetching [TeamRankings] NBA Team 2nd Half Points per Game.csv...
2025-11-22 01:49:17,031 - INFO - Fetching [TeamRankings] NBA Team 1st Quarter Points per Game.csv...
2025-11-22 01:49:17,033 - INFO - Fetching [TeamRankings] NBA Team 1st Half Points per Game.csv...
2025-11-22 01:49:17,032 - INFO - Fetching [TeamRankings] NBA Team 4th Quarter Points per Game.csv...
2025-11-22 01:49:18,426 - INFO - Successfully saved clean prop_data/NBA Team Average Scoring Margin.csv
2025-11-22 01:49:18,429 - INFO - Successfully saved clean prop_data/NBA Team 2nd Quarter Points per Game.csv
2025-11-22 01:49:18,430 - INFO - Successfully saved clean prop_data/NBA Team 1st Half Points per Game.csv
2025-11-22 01:49:18,430 - INFO - Successfully saved clean prop_data/NBA Team 4th Quarter Points per Game.csv
2025-11-22 01:49:18,434 - INFO - Successfully saved clean prop_data/NBA Team Floor %.csv
2025-11-22 01:49:18,434 - INFO - Successfully saved clean prop_data/NBA Team Points per Game.csv
2025-11-22 01:49:18,437 - INFO - Successfully saved clean prop_data/NBA Team Offensive Efficiency.csv
2025-11-22 01:49:18,437 - INFO - Successfully saved clean prop_data/NBA Team 3rd Quarter Points per Game.csv
2025-11-22 01:49:18,440 - INFO - Successfully saved clean prop_data/NBA Team 2nd Half Points per Game.csv
2025-11-22 01:49:18,440 - INFO - Successfully saved clean prop_data/NBA Team 1st Quarter Points per Game.csv
2025-11-22 01:49:21,433 - INFO - Fetching [TeamRankings] NBA Team Overtime Points per Game.csv...
2025-11-22 01:49:21,433 - INFO - Fetching [TeamRankings] NBA Team Points in Paint per Game.csv...
2025-11-22 01:49:21,434 - INFO - Fetching [TeamRankings] NBA Team Fastbreak Points per Game.csv...
2025-11-22 01:49:21,434 - INFO - Fetching [TeamRankings] NBA Team Fastbreak Efficiency.csv...
2025-11-22 01:49:21,439 - INFO - Fetching [TeamRankings] NBA Team Average Biggest Lead.csv...
2025-11-22 01:49:21,441 - INFO - Fetching [TeamRankings] NBA Team Average 3rd Quarter Margin.csv...
2025-11-22 01:49:21,440 - INFO - Fetching [TeamRankings] NBA Team Average 2nd Quarter Margin.csv...
2025-11-22 01:49:21,440 - INFO - Fetching [TeamRankings] NBA Team Average 1st Quarter Margin.csv...
2025-11-22 01:49:21,441 - INFO - Fetching [TeamRankings] NBA Team Average 4th Quarter Margin.csv...
2025-11-22 01:49:21,441 - INFO - Fetching [TeamRankings] NBA Team Average 1st Half Margin.csv...
2025-11-22 01:49:21,632 - INFO - Successfully saved clean prop_data/NBA Team Fastbreak Efficiency.csv
2025-11-22 01:49:21,782 - INFO - Successfully saved clean prop_data/NBA Team Overtime Points per Game.csv
2025-11-22 01:49:21,921 - INFO - Successfully saved clean prop_data/NBA Team Average Biggest Lead.csv
2025-11-22 01:49:22,084 - INFO - Successfully saved clean prop_data/NBA Team Average 2nd Quarter Margin.csv
2025-11-22 01:49:22,233 - INFO - Successfully saved clean prop_data/NBA Team Fastbreak Points per Game.csv
2025-11-22 01:49:22,578 - INFO - Successfully saved clean prop_data/NBA Team Average 1st Half Margin.csv
2025-11-22 01:49:22,581 - INFO - Successfully saved clean prop_data/NBA Team Average 1st Quarter Margin.csv
2025-11-22 01:49:22,585 - INFO - Successfully saved clean prop_data/NBA Team Average 3rd Quarter Margin.csv
2025-11-22 01:49:22,586 - INFO - Successfully saved clean prop_data/NBA Team Average 4th Quarter Margin.csv
2025-11-22 01:49:22,586 - INFO - Successfully saved clean prop_data/NBA Team Points in Paint per Game.csv
2025-11-22 01:49:24,633 - INFO - Fetching [TeamRankings] NBA Team Average 2nd Half Margin.csv...
2025-11-22 01:49:24,794 - INFO - Fetching [TeamRankings] NBA Team Average Overtime Margin.csv...
2025-11-22 01:49:24,822 - INFO - Successfully saved clean prop_data/NBA Team Average 2nd Half Margin.csv
2025-11-22 01:49:24,925 - INFO - Fetching [TeamRankings] NBA Team Average Margin Thru 3 Quarters.csv...
2025-11-22 01:49:25,003 - INFO - Successfully saved clean prop_data/NBA Team Average Overtime Margin.csv
2025-11-22 01:49:25,095 - INFO - Fetching [TeamRankings] NBA Team Points from 2 pointers.csv...
2025-11-22 01:49:25,110 - INFO - Successfully saved clean prop_data/NBA Team Average Margin Thru 3 Quarters.csv
2025-11-22 01:49:25,244 - INFO - Fetching [TeamRankings] NBA Team Points from 3 pointers.csv...
2025-11-22 01:49:25,292 - INFO - Successfully saved clean prop_data/NBA Team Points from 2 pointers.csv
2025-11-22 01:49:25,476 - INFO - Successfully saved clean prop_data/NBA Team Points from 3 pointers.csv
2025-11-22 01:49:25,582 - INFO - Fetching [TeamRankings] NBA Team Percent of Points from 2 Pointers.csv...
2025-11-22 01:49:25,584 - INFO - Fetching [TeamRankings] NBA Team Percent of Points from 3 Pointers.csv...
2025-11-22 01:49:25,590 - INFO - Fetching [TeamRankings] NBA Team Percent of Points from Free Throws.csv...
2025-11-22 01:49:25,590 - INFO - Fetching [TeamRankings] NBA Team Shooting %.csv...
2025-11-22 01:49:25,592 - INFO - Fetching [TeamRankings] NBA Team Effective Field Goal %.csv...
2025-11-22 01:49:25,786 - INFO - Successfully saved clean prop_data/NBA Team Percent of Points from 2 Pointers.csv
2025-11-22 01:49:25,926 - INFO - Successfully saved clean prop_data/NBA Team Percent of Points from 3 Pointers.csv
2025-11-22 01:49:26,084 - INFO - Successfully saved clean prop_data/NBA Team Shooting %.csv
2025-11-22 01:49:26,218 - INFO - Successfully saved clean prop_data/NBA Team Percent of Points from Free Throws.csv
2025-11-22 01:49:26,376 - INFO - Successfully saved clean prop_data/NBA Team Effective Field Goal %.csv
2025-11-22 01:49:27,824 - INFO - Fetching [TeamRankings] NBA Team Three Point %.csv...
2025-11-22 01:49:28,014 - INFO - Fetching [TeamRankings] NBA Team Two Point %.csv...
2025-11-22 01:49:28,031 - INFO - Successfully saved clean prop_data/NBA Team Three Point %.csv
2025-11-22 01:49:28,115 - INFO - Fetching [TeamRankings] NBA Team Free Throw %.csv...
2025-11-22 01:49:28,196 - INFO - Successfully saved clean prop_data/NBA Team Two Point %.csv
2025-11-22 01:49:28,277 - INFO - Successfully saved clean prop_data/NBA Team Free Throw %.csv
2025-11-22 01:49:28,297 - INFO - Fetching [TeamRankings] NBA Team True Shooting %.csv...
2025-11-22 01:49:28,478 - INFO - Successfully saved clean prop_data/NBA Team True Shooting %.csv
2025-11-22 01:49:28,482 - INFO - Fetching [TeamRankings] NBA Team Field Goals Made per Game.csv...
2025-11-22 01:49:28,663 - INFO - Successfully saved clean prop_data/NBA Team Field Goals Made per Game.csv
2025-11-22 01:49:28,787 - INFO - Fetching [TeamRankings] NBA Team Field Goals Attempted per Game.csv...
2025-11-22 01:49:28,938 - INFO - Fetching [TeamRankings] NBA Team Three Pointers Made per Game.csv...
2025-11-22 01:49:28,996 - INFO - Successfully saved clean prop_data/NBA Team Field Goals Attempted per Game.csv
2025-11-22 01:49:29,087 - INFO - Fetching [TeamRankings] NBA Team Three Pointers Attempted per Game.csv...
2025-11-22 01:49:29,184 - INFO - Successfully saved clean prop_data/NBA Team Three Pointers Made per Game.csv
2025-11-22 01:49:29,241 - INFO - Fetching [TeamRankings] NBA Team Free Throws Made per Game.csv...
2025-11-22 01:49:29,273 - INFO - Successfully saved clean prop_data/NBA Team Three Pointers Attempted per Game.csv
2025-11-22 01:49:29,381 - INFO - Fetching [TeamRankings] NBA Team Free Throws Attempted per Game.csv...
2025-11-22 01:49:29,452 - INFO - Successfully saved clean prop_data/NBA Team Free Throws Made per Game.csv
2025-11-22 01:49:29,559 - INFO - Successfully saved clean prop_data/NBA Team Free Throws Attempted per Game.csv
2025-11-22 01:49:31,037 - INFO - Fetching [TeamRankings] NBA Team Three Point Rate.csv...
2025-11-22 01:49:31,203 - INFO - Fetching [TeamRankings] NBA Team Two Point Rate.csv...
2025-11-22 01:49:31,240 - INFO - Successfully saved clean prop_data/NBA Team Three Point Rate.csv
2025-11-22 01:49:31,279 - INFO - Fetching [TeamRankings] NBA Team FTA per FGA.csv...
2025-11-22 01:49:31,436 - INFO - Successfully saved clean prop_data/NBA Team Two Point Rate.csv
2025-11-22 01:49:31,455 - INFO - Successfully saved clean prop_data/NBA Team FTA per FGA.csv
2025-11-22 01:49:31,483 - INFO - Fetching [TeamRankings] NBA Team FTM per 100 Possessions.csv...
2025-11-22 01:49:31,671 - INFO - Fetching [TeamRankings] NBA Team Free Throws Attempted per Offensive Play.csv...
2025-11-22 01:49:31,674 - INFO - Successfully saved clean prop_data/NBA Team FTM per 100 Possessions.csv
2025-11-22 01:49:31,870 - INFO - Successfully saved clean prop_data/NBA Team Free Throws Attempted per Offensive Play.csv
2025-11-22 01:49:32,000 - INFO - Fetching [TeamRankings] NBA Team Non-blocked 2 Pt %.csv...
2025-11-22 01:49:32,197 - INFO - Fetching [TeamRankings] NBA Team Offensive Rebounds per Game.csv...
2025-11-22 01:49:32,208 - INFO - Successfully saved clean prop_data/NBA Team Non-blocked 2 Pt %.csv
2025-11-22 01:49:32,275 - INFO - Fetching [TeamRankings] NBA Team Defensive Rebounds per Game.csv...
2025-11-22 01:49:32,389 - INFO - Successfully saved clean prop_data/NBA Team Offensive Rebounds per Game.csv
2025-11-22 01:49:32,450 - INFO - Successfully saved clean prop_data/NBA Team Defensive Rebounds per Game.csv
2025-11-22 01:49:32,457 - INFO - Fetching [TeamRankings] NBA Team Team Rebounds per Game.csv...
2025-11-22 01:49:32,564 - INFO - Fetching [TeamRankings] NBA Team Total Rebounds per Game.csv...
2025-11-22 01:49:32,642 - INFO - Successfully saved clean prop_data/NBA Team Team Rebounds per Game.csv
2025-11-22 01:49:32,741 - INFO - Successfully saved clean prop_data/NBA Team Total Rebounds per Game.csv
2025-11-22 01:49:34,246 - INFO - Fetching [TeamRankings] NBA Team Offensive Rebounding %.csv...
2025-11-22 01:49:34,439 - INFO - Successfully saved clean prop_data/NBA Team Offensive Rebounding %.csv
2025-11-22 01:49:34,448 - INFO - Fetching [TeamRankings] NBA Team Defensive Rebounding %.csv...
2025-11-22 01:49:34,458 - INFO - Fetching [TeamRankings] NBA Team Total Rebounding %.csv...
2025-11-22 01:49:34,634 - INFO - Successfully saved clean prop_data/NBA Team Defensive Rebounding %.csv
2025-11-22 01:49:34,675 - INFO - Fetching [TeamRankings] NBA Team Blocks per Game.csv...
2025-11-22 01:49:34,836 - INFO - Successfully saved clean prop_data/NBA Team Total Rebounding %.csv
2025-11-22 01:49:34,880 - INFO - Fetching [TeamRankings] NBA Team Steals per Game.csv...
2025-11-22 01:49:34,888 - INFO - Successfully saved clean prop_data/NBA Team Blocks per Game.csv
2025-11-22 01:49:35,071 - INFO - Successfully saved clean prop_data/NBA Team Steals per Game.csv
2025-11-22 01:49:35,213 - INFO - Fetching [TeamRankings] NBA Team Block %.csv...
2025-11-22 01:49:35,400 - INFO - Fetching [TeamRankings] NBA Team Steals per Defensive Play.csv...
2025-11-22 01:49:35,429 - INFO - Successfully saved clean prop_data/NBA Team Block %.csv
2025-11-22 01:49:35,453 - INFO - Fetching [TeamRankings] NBA Team Assists per Game.csv...
2025-11-22 01:49:35,625 - INFO - Successfully saved clean prop_data/NBA Team Steals per Defensive Play.csv
2025-11-22 01:49:35,643 - INFO - Fetching [TeamRankings] NBA Team Turnovers per Game.csv...
2025-11-22 01:49:35,752 - INFO - Fetching [TeamRankings] NBA Team Turnovers per Possession.csv...
2025-11-22 01:49:35,824 - INFO - Successfully saved clean prop_data/NBA Team Assists per Game.csv
2025-11-22 01:49:35,827 - INFO - Successfully saved clean prop_data/NBA Team Turnovers per Game.csv
2025-11-22 01:49:35,963 - INFO - Successfully saved clean prop_data/NBA Team Turnovers per Possession.csv
2025-11-22 01:49:37,445 - INFO - Fetching [TeamRankings] NBA Team Assist per Turnover Ratio.csv...
2025-11-22 01:49:37,645 - INFO - Fetching [TeamRankings] NBA Team Assists per FGM.csv...
2025-11-22 01:49:37,665 - INFO - Successfully saved clean prop_data/NBA Team Assist per Turnover Ratio.csv
2025-11-22 01:49:37,837 - INFO - Fetching [TeamRankings] NBA Team Assists per Possession.csv...
2025-11-22 01:49:37,837 - INFO - Successfully saved clean prop_data/NBA Team Assists per FGM.csv
2025-11-22 01:49:37,893 - INFO - Fetching [TeamRankings] NBA Team Turnovers per Offensive Play.csv...
2025-11-22 01:49:38,014 - INFO - Successfully saved clean prop_data/NBA Team Assists per Possession.csv
2025-11-22 01:49:38,065 - INFO - Successfully saved clean prop_data/NBA Team Turnovers per Offensive Play.csv
2025-11-22 01:49:38,076 - INFO - Fetching [TeamRankings] NBA Team Personal Fouls per Game.csv...
2025-11-22 01:49:38,263 - INFO - Successfully saved clean prop_data/NBA Team Personal Fouls per Game.csv
2025-11-22 01:49:38,435 - INFO - Fetching [TeamRankings] NBA Team Technical Fouls per Game.csv...
2025-11-22 01:49:38,632 - INFO - Fetching [TeamRankings] NBA Team Personal Fouls per Possession.csv...
2025-11-22 01:49:38,635 - INFO - Successfully saved clean prop_data/NBA Team Technical Fouls per Game.csv
2025-11-22 01:49:38,836 - INFO - Fetching [TeamRankings] NBA Team Personal Fouls per Defensive Play.csv...
2025-11-22 01:49:38,836 - INFO - Fetching [TeamRankings] NBA Team Opponent Points per Game.csv...
2025-11-22 01:49:38,842 - INFO - Successfully saved clean prop_data/NBA Team Personal Fouls per Possession.csv
2025-11-22 01:49:38,974 - INFO - Fetching [TeamRankings] NBA Team Opponent Average Scoring Margin.csv...
2025-11-22 01:49:39,012 - INFO - Successfully saved clean prop_data/NBA Team Opponent Points per Game.csv
2025-11-22 01:49:39,168 - INFO - Successfully saved clean prop_data/NBA Team Personal Fouls per Defensive Play.csv
2025-11-22 01:49:39,345 - INFO - Successfully saved clean prop_data/NBA Team Opponent Average Scoring Margin.csv
2025-11-22 01:49:40,673 - INFO - Fetching [TeamRankings] NBA Team Defensive Efficiency.csv...
2025-11-22 01:49:40,849 - INFO - Fetching [TeamRankings] NBA Team Opponent Floor %.csv...
2025-11-22 01:49:40,884 - INFO - Successfully saved clean prop_data/NBA Team Defensive Efficiency.csv
2025-11-22 01:49:41,023 - INFO - Fetching [TeamRankings] NBA Team Opponent 1st Quarter Points per Game.csv...
2025-11-22 01:49:41,058 - INFO - Successfully saved clean prop_data/NBA Team Opponent Floor %.csv
2025-11-22 01:49:41,070 - INFO - Fetching [TeamRankings] NBA Team Opponent 2nd Quarter Points per Game.csv...
2025-11-22 01:49:41,243 - INFO - Successfully saved clean prop_data/NBA Team Opponent 1st Quarter Points per Game.csv
2025-11-22 01:49:41,267 - INFO - Fetching [TeamRankings] NBA Team Opponent 3rd Quarter Points per Game.csv...
2025-11-22 01:49:41,410 - INFO - Successfully saved clean prop_data/NBA Team Opponent 2nd Quarter Points per Game.csv
2025-11-22 01:49:41,601 - INFO - Successfully saved clean prop_data/NBA Team Opponent 3rd Quarter Points per Game.csv
2025-11-22 01:49:41,640 - INFO - Fetching [TeamRankings] NBA Team Opponent 4th Quarter Points per Game.csv...
2025-11-22 01:49:41,843 - INFO - Successfully saved clean prop_data/NBA Team Opponent 4th Quarter Points per Game.csv
2025-11-22 01:49:41,847 - INFO - Fetching [TeamRankings] NBA Team Opponent Overtime Points per Game.csv...
2025-11-22 01:49:42,020 - INFO - Fetching [TeamRankings] NBA Team Opponent Points in Paint per Game.csv...
2025-11-22 01:49:42,041 - INFO - Successfully saved clean prop_data/NBA Team Opponent Overtime Points per Game.csv
2025-11-22 01:49:42,179 - INFO - Fetching [TeamRankings] NBA Team Opponent Fastbreak Points per Game.csv...
2025-11-22 01:49:42,223 - INFO - Successfully saved clean prop_data/NBA Team Opponent Points in Paint per Game.csv
2025-11-22 01:49:42,356 - INFO - Fetching [TeamRankings] NBA Team Opponent Fastbreak Efficiency.csv...
2025-11-22 01:49:42,394 - INFO - Successfully saved clean prop_data/NBA Team Opponent Fastbreak Points per Game.csv
2025-11-22 01:49:42,574 - INFO - Successfully saved clean prop_data/NBA Team Opponent Fastbreak Efficiency.csv
2025-11-22 01:49:43,890 - INFO - Fetching [TeamRankings] NBA Team Opponent Average Biggest Lead.csv...
2025-11-22 01:49:44,069 - INFO - Fetching [TeamRankings] NBA Team Opponent 1st Half Points per Game.csv...
2025-11-22 01:49:44,086 - INFO - Successfully saved clean prop_data/NBA Team Opponent Average Biggest Lead.csv
2025-11-22 01:49:44,255 - INFO - Fetching [TeamRankings] NBA Team Opponent 2nd Half Points per Game.csv...
2025-11-22 01:49:44,269 - INFO - Successfully saved clean prop_data/NBA Team Opponent 1st Half Points per Game.csv
2025-11-22 01:49:44,421 - INFO - Fetching [TeamRankings] NBA Team Opponent Points from 2 pointers.csv...
2025-11-22 01:49:44,449 - INFO - Successfully saved clean prop_data/NBA Team Opponent 2nd Half Points per Game.csv
2025-11-22 01:49:44,612 - INFO - Fetching [TeamRankings] NBA Team Opponent Points from 3 pointers.csv...
2025-11-22 01:49:44,624 - INFO - Successfully saved clean prop_data/NBA Team Opponent Points from 2 pointers.csv
2025-11-22 01:49:44,817 - INFO - Successfully saved clean prop_data/NBA Team Opponent Points from 3 pointers.csv
2025-11-22 01:49:44,848 - INFO - Fetching [TeamRankings] NBA Team Opponent Percent of Points from 2 Pointers.csv...
2025-11-22 01:49:45,046 - INFO - Fetching [TeamRankings] NBA Team Opponent Percent of Points from 3 Pointers.csv...
2025-11-22 01:49:45,050 - INFO - Successfully saved clean prop_data/NBA Team Opponent Percent of Points from 2 Pointers.csv
2025-11-22 01:49:45,233 - INFO - Fetching [TeamRankings] NBA Team Opponent Percent of Points from Free Throws.csv...
2025-11-22 01:49:45,236 - INFO - Successfully saved clean prop_data/NBA Team Opponent Percent of Points from 3 Pointers.csv
2025-11-22 01:49:45,405 - INFO - Fetching [TeamRankings] NBA Team Opponent Shooting %.csv...
2025-11-22 01:49:45,412 - INFO - Successfully saved clean prop_data/NBA Team Opponent Percent of Points from Free Throws.csv
2025-11-22 01:49:45,584 - INFO - Fetching [TeamRankings] NBA Team Opponent Effective Field Goal %.csv...
2025-11-22 01:49:45,588 - INFO - Successfully saved clean prop_data/NBA Team Opponent Shooting %.csv
2025-11-22 01:49:45,764 - INFO - Successfully saved clean prop_data/NBA Team Opponent Effective Field Goal %.csv
2025-11-22 01:49:47,091 - INFO - Fetching [TeamRankings] NBA Team Opponent Three Point %.csv...
2025-11-22 01:49:47,281 - INFO - Fetching [TeamRankings] NBA Team Opponent Two Point %.csv...
2025-11-22 01:49:47,289 - INFO - Successfully saved clean prop_data/NBA Team Opponent Three Point %.csv
2025-11-22 01:49:47,460 - INFO - Fetching [TeamRankings] NBA Team Opponent Free Throw %.csv...
2025-11-22 01:49:47,472 - INFO - Successfully saved clean prop_data/NBA Team Opponent Two Point %.csv
2025-11-22 01:49:47,634 - INFO - Fetching [TeamRankings] NBA Team Opponent True Shooting %.csv...
2025-11-22 01:49:47,638 - INFO - Successfully saved clean prop_data/NBA Team Opponent Free Throw %.csv
2025-11-22 01:49:47,813 - INFO - Successfully saved clean prop_data/NBA Team Opponent True Shooting %.csv
2025-11-22 01:49:47,819 - INFO - Fetching [TeamRankings] NBA Team Opponent Field Goals Made per Game.csv...
2025-11-22 01:49:48,008 - INFO - Successfully saved clean prop_data/NBA Team Opponent Field Goals Made per Game.csv
2025-11-22 01:49:48,055 - INFO - Fetching [TeamRankings] NBA Team Opponent Field Goals Attempted per Game.csv...
2025-11-22 01:49:48,242 - INFO - Fetching [TeamRankings] NBA Team Opponent Three Pointers Made per Game.csv...
2025-11-22 01:49:48,245 - INFO - Successfully saved clean prop_data/NBA Team Opponent Field Goals Attempted per Game.csv
2025-11-22 01:49:48,424 - INFO - Fetching [TeamRankings] NBA Team Opponent Three Pointers Attempted per Game.csv...
2025-11-22 01:49:48,440 - INFO - Successfully saved clean prop_data/NBA Team Opponent Three Pointers Made per Game.csv
2025-11-22 01:49:48,599 - INFO - Fetching [TeamRankings] NBA Team Opponent Free Throws Made per Game.csv...
2025-11-22 01:49:48,615 - INFO - Successfully saved clean prop_data/NBA Team Opponent Three Pointers Attempted per Game.csv
2025-11-22 01:49:48,776 - INFO - Fetching [TeamRankings] NBA Team Opponent Free Throws Attempted per Game.csv...
2025-11-22 01:49:48,810 - INFO - Successfully saved clean prop_data/NBA Team Opponent Free Throws Made per Game.csv
2025-11-22 01:49:48,978 - INFO - Successfully saved clean prop_data/NBA Team Opponent Free Throws Attempted per Game.csv
2025-11-22 01:49:50,295 - INFO - Fetching [TeamRankings] NBA Team Opponent Three Point Rate.csv...
2025-11-22 01:49:50,483 - INFO - Fetching [TeamRankings] NBA Team Opponent Two Point Rate.csv...
2025-11-22 01:49:50,507 - INFO - Successfully saved clean prop_data/NBA Team Opponent Three Point Rate.csv
2025-11-22 01:49:50,649 - INFO - Fetching [TeamRankings] NBA Team Opponent FTA per FGA.csv...
2025-11-22 01:49:50,689 - INFO - Successfully saved clean prop_data/NBA Team Opponent Two Point Rate.csv
2025-11-22 01:49:50,820 - INFO - Fetching [TeamRankings] NBA Team Opponent Free Throws Made per 100 Possessions.csv...
2025-11-22 01:49:50,860 - INFO - Successfully saved clean prop_data/NBA Team Opponent FTA per FGA.csv
2025-11-22 01:49:51,019 - INFO - Fetching [TeamRankings] NBA Team Opponent Free Throws Attempted per Offensive Play.csv...
2025-11-22 01:49:51,053 - INFO - Successfully saved clean prop_data/NBA Team Opponent Free Throws Made per 100 Possessions.csv
2025-11-22 01:49:51,236 - INFO - Successfully saved clean prop_data/NBA Team Opponent Free Throws Attempted per Offensive Play.csv
2025-11-22 01:49:51,250 - INFO - Fetching [TeamRankings] NBA Team Opponent Non-blocked 2 Pt %.csv...
2025-11-22 01:49:51,441 - INFO - Successfully saved clean prop_data/NBA Team Opponent Non-blocked 2 Pt %.csv
2025-11-22 01:49:51,445 - INFO - Fetching [TeamRankings] NBA Team Opponent Offensive Rebounds per Game.csv...
2025-11-22 01:49:51,626 - INFO - Fetching [TeamRankings] NBA Team Opponent Defensive Rebounds per Game.csv...
2025-11-22 01:49:51,633 - INFO - Successfully saved clean prop_data/NBA Team Opponent Offensive Rebounds per Game.csv
2025-11-22 01:49:51,798 - INFO - Successfully saved clean prop_data/NBA Team Opponent Defensive Rebounds per Game.csv
2025-11-22 01:49:51,810 - INFO - Fetching [TeamRankings] NBA Team Opponent Team Rebounds per Game.csv...
2025-11-22 01:49:51,985 - INFO - Fetching [TeamRankings] NBA Team Opponent Total Rebounds per Game.csv...
2025-11-22 01:49:51,995 - INFO - Successfully saved clean prop_data/NBA Team Opponent Team Rebounds per Game.csv
2025-11-22 01:49:52,175 - INFO - Successfully saved clean prop_data/NBA Team Opponent Total Rebounds per Game.csv
2025-11-22 01:49:53,512 - INFO - Fetching [TeamRankings] NBA Team Opponent Offensive Rebounding %.csv...
2025-11-22 01:49:53,699 - INFO - Fetching [TeamRankings] NBA Team Opponent Defensive Rebounding %.csv...
2025-11-22 01:49:53,707 - INFO - Successfully saved clean prop_data/NBA Team Opponent Offensive Rebounding %.csv
2025-11-22 01:49:53,870 - INFO - Fetching [TeamRankings] NBA Team Opponent Blocks per Game.csv...
2025-11-22 01:49:53,883 - INFO - Successfully saved clean prop_data/NBA Team Opponent Defensive Rebounding %.csv
2025-11-22 01:49:54,054 - INFO - Successfully saved clean prop_data/NBA Team Opponent Blocks per Game.csv
2025-11-22 01:49:54,058 - INFO - Fetching [TeamRankings] NBA Team Opponent Steals per Game.csv...
2025-11-22 01:49:54,247 - INFO - Fetching [TeamRankings] NBA Team Opponent Block %.csv...
2025-11-22 01:49:54,250 - INFO - Successfully saved clean prop_data/NBA Team Opponent Steals per Game.csv
2025-11-22 01:49:54,439 - INFO - Successfully saved clean prop_data/NBA Team Opponent Block %.csv
2025-11-22 01:49:54,444 - INFO - Fetching [TeamRankings] NBA Team Opponent Steals per Possession.csv...
2025-11-22 01:49:54,637 - INFO - Successfully saved clean prop_data/NBA Team Opponent Steals per Possession.csv
2025-11-22 01:49:54,638 - INFO - Fetching [TeamRankings] NBA Team Opponent Steals per Defensive Play.csv...
2025-11-22 01:49:54,807 - INFO - Fetching [TeamRankings] NBA Team Opponent Assists per Game.csv...
2025-11-22 01:49:54,829 - INFO - Successfully saved clean prop_data/NBA Team Opponent Steals per Defensive Play.csv
2025-11-22 01:49:55,002 - INFO - Fetching [TeamRankings] NBA Team Opponent Turnovers per Game.csv...
2025-11-22 01:49:55,005 - INFO - Successfully saved clean prop_data/NBA Team Opponent Assists per Game.csv
2025-11-22 01:49:55,171 - INFO - Successfully saved clean prop_data/NBA Team Opponent Turnovers per Game.csv
2025-11-22 01:49:55,176 - INFO - Fetching [TeamRankings] NBA Team Opponent Assist per Turnover Ratio.csv...
2025-11-22 01:49:55,350 - INFO - Successfully saved clean prop_data/NBA Team Opponent Assist per Turnover Ratio.csv
2025-11-22 01:49:56,727 - INFO - Fetching [TeamRankings] NBA Team Opponent Assists per FGM.csv...
2025-11-22 01:49:56,894 - INFO - Fetching [TeamRankings] NBA Team Opponent Assists per Possession.csv...
2025-11-22 01:49:56,933 - INFO - Successfully saved clean prop_data/NBA Team Opponent Assists per FGM.csv
2025-11-22 01:49:57,065 - INFO - Fetching [TeamRankings] NBA Team Opponent Turnovers per Possession.csv...
2025-11-22 01:49:57,110 - INFO - Successfully saved clean prop_data/NBA Team Opponent Assists per Possession.csv
2025-11-22 01:49:57,259 - INFO - Fetching [TeamRankings] NBA Team Opponent Turnovers per Offensive Play.csv...
2025-11-22 01:49:57,281 - INFO - Successfully saved clean prop_data/NBA Team Opponent Turnovers per Possession.csv
2025-11-22 01:49:57,451 - INFO - Fetching [TeamRankings] NBA Team Opponent Personal Fouls per Game.csv...
2025-11-22 01:49:57,461 - INFO - Successfully saved clean prop_data/NBA Team Opponent Turnovers per Offensive Play.csv
2025-11-22 01:49:57,645 - INFO - Fetching [TeamRankings] NBA Team Opponent Technical Fouls per Game.csv...
2025-11-22 01:49:57,647 - INFO - Successfully saved clean prop_data/NBA Team Opponent Personal Fouls per Game.csv
2025-11-22 01:49:57,835 - INFO - Fetching [TeamRankings] NBA Team Opponent Personal Fouls per Possession.csv...
2025-11-22 01:49:57,835 - INFO - Successfully saved clean prop_data/NBA Team Opponent Technical Fouls per Game.csv
2025-11-22 01:49:58,016 - INFO - Fetching [TeamRankings] NBA Team Opponent Personal Fouls per Defensive Play.csv...
2025-11-22 01:49:58,028 - INFO - Successfully saved clean prop_data/NBA Team Opponent Personal Fouls per Possession.csv
2025-11-22 01:49:58,183 - INFO - Fetching [TeamRankings] NBA Team Games Played.csv...
2025-11-22 01:49:58,200 - INFO - Successfully saved clean prop_data/NBA Team Opponent Personal Fouls per Defensive Play.csv
2025-11-22 01:49:58,362 - INFO - Fetching [TeamRankings] NBA Team Possessions per Game.csv...
2025-11-22 01:49:58,373 - INFO - Successfully saved clean prop_data/NBA Team Games Played.csv
2025-11-22 01:49:58,560 - INFO - Successfully saved clean prop_data/NBA Team Possessions per Game.csv
2025-11-22 01:49:59,936 - INFO - Fetching [TeamRankings] NBA Team Extra Scoring Chances per Game.csv...
2025-11-22 01:50:00,122 - INFO - Fetching [TeamRankings] NBA Team Effective Possession Ratio.csv...
2025-11-22 01:50:00,177 - INFO - Successfully saved clean prop_data/NBA Team Extra Scoring Chances per Game.csv
2025-11-22 01:50:00,286 - INFO - Fetching [TeamRankings] NBA Team Opponent Effective Possession Ratio.csv...
2025-11-22 01:50:00,344 - INFO - Successfully saved clean prop_data/NBA Team Effective Possession Ratio.csv
2025-11-22 01:50:00,462 - INFO - Successfully saved clean prop_data/NBA Team Opponent Effective Possession Ratio.csv
2025-11-22 01:50:00,462 - INFO - Fetching [TeamRankings] NBA Team Points + Rebounds + Assists per Game.csv...
2025-11-22 01:50:00,637 - INFO - Successfully saved clean prop_data/NBA Team Points + Rebounds + Assists per Game.csv
2025-11-22 01:50:00,649 - INFO - Fetching [TeamRankings] NBA Team Points + Rebounds per Game.csv...
2025-11-22 01:50:00,846 - INFO - Fetching [TeamRankings] NBA Team Points + Assists per Game.csv...
2025-11-22 01:50:00,853 - INFO - Successfully saved clean prop_data/NBA Team Points + Rebounds per Game.csv
2025-11-22 01:50:01,035 - INFO - Fetching [TeamRankings] NBA Team Rebounds + Assists per Game.csv...
2025-11-22 01:50:01,044 - INFO - Successfully saved clean prop_data/NBA Team Points + Assists per Game.csv
2025-11-22 01:50:01,212 - INFO - Fetching [TeamRankings] NBA Team Steals + Blocks per Game.csv...
2025-11-22 01:50:01,230 - INFO - Successfully saved clean prop_data/NBA Team Rebounds + Assists per Game.csv
2025-11-22 01:50:01,385 - INFO - Fetching [TeamRankings] NBA Team Opponent Points + Rebounds + Assists per Game.csv...
2025-11-22 01:50:01,421 - INFO - Successfully saved clean prop_data/NBA Team Steals + Blocks per Game.csv
2025-11-22 01:50:01,571 - INFO - Fetching [TeamRankings] NBA Team Opponent Points + Rebounds per Game.csv...
2025-11-22 01:50:01,601 - INFO - Successfully saved clean prop_data/NBA Team Opponent Points + Rebounds + Assists per Game.csv
2025-11-22 01:50:01,798 - INFO - Successfully saved clean prop_data/NBA Team Opponent Points + Rebounds per Game.csv
2025-11-22 01:50:03,183 - INFO - Fetching [TeamRankings] NBA Team Opponent Points + Assists per Game.csv...
2025-11-22 01:50:03,352 - INFO - Fetching [TeamRankings] NBA Team Opponent Rebounds + Assists per Game.csv...
2025-11-22 01:50:03,403 - INFO - Successfully saved clean prop_data/NBA Team Opponent Points + Assists per Game.csv
2025-11-22 01:50:03,463 - INFO - Fetching [TeamRankings] NBA Team Opponent Steals + Blocks per Game.csv...
2025-11-22 01:50:03,585 - INFO - Successfully saved clean prop_data/NBA Team Opponent Rebounds + Assists per Game.csv
2025-11-22 01:50:03,643 - INFO - Fetching [TeamRankings] NBA Team Win % - All Games.csv...
2025-11-22 01:50:03,644 - INFO - Successfully saved clean prop_data/NBA Team Opponent Steals + Blocks per Game.csv
2025-11-22 01:50:03,847 - INFO - Successfully saved clean prop_data/NBA Team Win % - All Games.csv
2025-11-22 01:50:03,854 - INFO - Fetching [TeamRankings] NBA Team Win % - Close Games.csv...
2025-11-22 01:50:04,040 - INFO - Successfully saved clean prop_data/NBA Team Win % - Close Games.csv
2025-11-22 01:50:04,049 - INFO - Fetching [TeamRankings] NBA Team Opponent Win % - All Games.csv...
2025-11-22 01:50:04,242 - INFO - Fetching [TeamRankings] NBA Team Opponent Win % - Close Games.csv...
2025-11-22 01:50:04,252 - INFO - Successfully saved clean prop_data/NBA Team Opponent Win % - All Games.csv
2025-11-22 01:50:04,454 - INFO - Successfully saved clean prop_data/NBA Team Opponent Win % - Close Games.csv
2025-11-22 01:50:07,484 - INFO - ========= NBA DATA SCRAPER FINISHED =========
