2025-11-27 02:12:21 [INFO] root: Logging initialized. Writing to logs/analysis_pregame.log
2025-11-27 02:12:21 [INFO] root: >>> STARTING PRE-GAME PROP ANALYSIS <<<
2025-11-27 02:12:21 [INFO] root: Loaded 389 props for analysis.
2025-11-27 02:12:21 [INFO] root: Building feature set for inference...
2025-11-27 02:12:21 [INFO] root: --- Loading Static Data Files ---
2025-11-27 02:12:21 [INFO] root: Filtered player stats to latest season. Active players: 637
2025-11-27 02:12:21 [INFO] root: Feature set built. Shape: (389, 1031)
2025-11-27 02:12:21 [INFO] root: Running Machine Learning Inference...
2025-11-27 02:12:21 [INFO] root: Starting batch inference on 389 props...
2025-11-27 02:12:21 [WARNING] root: No predictions were generated.
2025-11-27 02:15:34 [INFO] root: Logging initialized. Writing to logs/analysis_pregame.log
2025-11-27 02:15:34 [INFO] root: >>> STARTING PRE-GAME PROP ANALYSIS <<<
2025-11-27 02:15:34 [WARNING] root: 'Prop Type' column missing. Attempting to auto-fix...
2025-11-27 02:15:34 [CRITICAL] root: CRITICAL ERROR: Could not find 'Prop Type' column.
2025-11-27 02:15:34 [CRITICAL] root: Available Columns: ['Player Name', 'Team', 'Opponent', 'Matchup', 'Prop Category', 'Prop Line', 'GAME_DATE']
2025-11-27 02:18:33 [INFO] root: Logging initialized. Writing to logs/analysis_pregame.log
2025-11-27 02:18:33 [INFO] root: >>> STARTING PRE-GAME PROP ANALYSIS <<<
2025-11-27 02:18:33 [WARNING] root: 'Prop Type' column missing. Attempting to auto-fix...
2025-11-27 02:18:33 [INFO] root: Renaming column 'Prop Category' -> 'Prop Type'
2025-11-27 02:18:33 [INFO] root: Loaded 389 props. Columns verified.
2025-11-27 02:18:33 [INFO] root: Building feature set for inference...
2025-11-27 02:18:33 [INFO] root: --- Loading Static Data Files ---
2025-11-27 02:18:33 [INFO] root: Filtered player stats to latest season. Active players: 637
2025-11-27 02:18:33 [INFO] root: Feature set built. Shape: (389, 1031)
2025-11-27 02:18:33 [INFO] root: Running Machine Learning Inference...
2025-11-27 02:18:33 [INFO] root: Starting batch inference on 389 props...
2025-11-27 02:18:37 [INFO] root: Saved analysis to: output/prop_check_results.csv
2025-11-27 02:18:37 [INFO] root: <<< ANALYSIS COMPLETE >>>
2025-11-27 02:18:52 [INFO] root: Logging initialized. Writing to logs/analysis_pregame.log
2025-11-27 02:18:52 [INFO] root: >>> STARTING PRE-GAME PROP ANALYSIS <<<
2025-11-27 02:18:52 [WARNING] root: 'Prop Type' column missing. Attempting to auto-fix...
2025-11-27 02:18:52 [INFO] root: Renaming column 'Prop Category' -> 'Prop Type'
2025-11-27 02:18:52 [INFO] root: Loaded 389 props. Columns verified.
2025-11-27 02:18:52 [INFO] root: Building feature set for inference...
2025-11-27 02:18:52 [INFO] root: --- Loading Static Data Files ---
2025-11-27 02:18:52 [INFO] root: Filtered player stats to latest season. Active players: 637
2025-11-27 02:18:52 [INFO] root: Feature set built. Shape: (389, 1031)
2025-11-27 02:18:52 [INFO] root: Running Machine Learning Inference...
2025-11-27 02:18:52 [INFO] root: Starting batch inference on 389 props...
2025-11-27 02:18:56 [INFO] root: Saved analysis to: output/prop_check_results.csv
2025-11-27 02:18:56 [INFO] root: <<< ANALYSIS COMPLETE >>>
2025-11-27 02:20:10 [INFO] root: Logging initialized. Writing to logs/analysis_pregame.log
2025-11-27 02:20:10 [INFO] root: >>> STARTING PRE-GAME PROP ANALYSIS <<<
2025-11-27 02:20:10 [WARNING] root: 'Prop Type' column missing. Attempting to auto-fix...
2025-11-27 02:20:10 [INFO] root: Renaming column 'Prop Category' -> 'Prop Type'
2025-11-27 02:20:10 [INFO] root: Loaded 389 props. Columns verified.
2025-11-27 02:20:10 [INFO] root: Building feature set for inference...
2025-11-27 02:20:10 [INFO] root: --- Loading Static Data Files ---
2025-11-27 02:20:10 [INFO] root: Filtered player stats to latest season. Active players: 637
2025-11-27 02:20:10 [INFO] root: Feature set built. Shape: (389, 1031)
2025-11-27 02:20:10 [INFO] root: Running Machine Learning Inference...
2025-11-27 02:20:10 [INFO] root: Starting batch inference on 389 props...
2025-11-27 02:20:14 [INFO] root: Saved analysis to: output/prop_check_results.csv
2025-11-27 02:20:14 [INFO] root: <<< ANALYSIS COMPLETE >>>
2025-11-27 02:30:16 [INFO] root: Logging initialized. Writing to logs/analysis_pregame.log
2025-11-27 02:30:16 [INFO] root: >>> STARTING PRE-GAME PROP ANALYSIS <<<
2025-11-27 02:30:16 [WARNING] root: 'Prop Type' column missing. Attempting to auto-fix...
2025-11-27 02:30:16 [INFO] root: Renaming column 'Prop Category' -> 'Prop Type'
2025-11-27 02:30:16 [INFO] root: Loaded 389 props. Columns verified.
2025-11-27 02:30:16 [INFO] root: Building feature set for inference...
2025-11-27 02:30:16 [INFO] root: --- Loading Static Data Files ---
2025-11-27 02:30:16 [INFO] root: Filtered player stats to latest season. Active players: 637
2025-11-27 02:30:16 [INFO] root: Feature set built. Shape: (389, 1031)
2025-11-27 02:30:16 [INFO] root: Running Machine Learning Inference...
2025-11-27 02:30:16 [INFO] root: Starting batch inference on 389 props...
2025-11-27 02:30:19 [INFO] root: Saved analysis to: output/prop_check_results.csv
2025-11-27 02:30:19 [INFO] root: <<< ANALYSIS COMPLETE >>>
2025-11-27 02:34:09 [INFO] root: Logging initialized. Writing to logs/analysis_pregame.log
2025-11-27 02:34:09 [INFO] root: >>> STARTING PRE-GAME PROP ANALYSIS <<<
2025-11-27 02:34:09 [WARNING] root: 'Prop Type' column missing. Attempting to auto-fix...
2025-11-27 02:34:09 [INFO] root: Renaming column 'Prop Category' -> 'Prop Type'
2025-11-27 02:34:09 [INFO] root: Loaded 389 props. Columns verified.
2025-11-27 02:34:09 [INFO] root: Building feature set for inference...
2025-11-27 02:34:09 [INFO] root: --- Loading Static Data Files ---
2025-11-27 02:34:09 [INFO] root: Filtered player stats to latest season. Active players: 637
2025-11-27 02:34:09 [INFO] root: Feature set built. Shape: (389, 1031)
2025-11-27 02:34:09 [INFO] root: Running Machine Learning Inference...
2025-11-27 02:34:09 [INFO] root: Starting batch inference on 389 props...
2025-11-27 02:34:12 [INFO] root: Saved analysis to: output/processed_props.csv
2025-11-27 02:34:12 [INFO] root: <<< ANALYSIS COMPLETE >>>
