2025-11-22 03:22:49 [INFO] root: Logging initialized. Writing to logs/unified_analyzer.log
2025-11-22 03:22:49 [INFO] root: >>> Starting Unified NBA Prop Analyzer (Odds-Free)
2025-11-22 03:22:49 [INFO] root: --- Loading Static Data Files ---
2025-11-22 03:22:49 [INFO] root: Loading model cache...
2025-11-22 03:22:50 [INFO] root: Applying name corrections...
2025-11-22 03:22:50 [INFO] root: Fetching daily schedule from NBA API...
2025-11-22 03:22:50 [INFO] root: Analyzing 576 props...
2025-11-22 03:22:54 [INFO] root: Saved results to output/processed_props.csv
2025-11-22 03:34:06 [INFO] root: Logging initialized. Writing to logs/unified_analyzer.log
2025-11-22 03:34:06 [INFO] root: >>> Starting Unified NBA Prop Analyzer (Odds-Free)
2025-11-22 03:34:06 [INFO] root: --- Loading Static Data Files ---
2025-11-22 03:34:06 [INFO] root: Loading model cache...
2025-11-22 03:34:07 [INFO] root: Applying name corrections...
2025-11-22 03:34:07 [INFO] root: Fetching daily schedule from NBA API...
2025-11-22 03:34:07 [INFO] root: Analyzing 576 props...
2025-11-22 03:34:11 [INFO] root: Saved results to output/processed_props.csv
2025-11-22 03:41:02 [INFO] root: Logging initialized. Writing to logs/unified_analyzer.log
2025-11-22 03:41:02 [INFO] root: >>> Starting Unified NBA Prop Analyzer (Odds-Free)
2025-11-22 03:41:02 [INFO] root: --- Loading Static Data Files ---
2025-11-22 03:41:02 [INFO] root: Loading model cache...
2025-11-22 03:41:03 [INFO] root: Applying name corrections...
2025-11-22 03:41:03 [INFO] root: Fetching daily schedule from NBA API...
2025-11-22 03:41:04 [INFO] root: Analyzing 576 props...
2025-11-22 03:41:08 [INFO] root: Saved results to output/processed_props.csv
2025-11-22 14:02:58 [INFO] root: Logging initialized. Writing to logs/unified_analyzer.log
2025-11-22 14:02:58 [INFO] root: >>> Starting Unified NBA Prop Analyzer (Odds-Free)
2025-11-22 14:02:58 [INFO] root: --- Loading Static Data Files ---
2025-11-22 14:02:58 [INFO] root: Loading model cache...
2025-11-22 14:02:59 [INFO] root: Applying name corrections...
2025-11-22 14:02:59 [INFO] root: Fetching daily schedule from NBA API...
2025-11-22 14:02:59 [INFO] root: Analyzing 576 props...
2025-11-22 14:03:05 [INFO] root: Saved results to output/processed_props.csv
2025-11-22 14:06:11 [INFO] root: Logging initialized. Writing to logs/unified_analyzer.log
2025-11-22 14:06:11 [INFO] root: >>> Starting Unified NBA Prop Analyzer (Odds-Free)
2025-11-22 14:06:11 [INFO] root: --- Loading Static Data Files ---
2025-11-22 14:06:11 [INFO] root: Loading model cache...
2025-11-22 14:06:12 [INFO] root: Applying name corrections...
2025-11-22 14:06:12 [INFO] root: Fetching daily schedule from NBA API...
2025-11-22 14:06:13 [INFO] root: Analyzing 576 props...
2025-11-22 14:06:18 [INFO] root: Saved results to output/processed_props.csv
2025-11-22 14:13:33 [INFO] root: Logging initialized. Writing to logs/unified_analyzer.log
2025-11-22 14:13:33 [INFO] root: >>> Starting Unified NBA Prop Analyzer (Odds-Free)
2025-11-22 14:13:33 [INFO] root: --- Loading Static Data Files ---
2025-11-22 14:13:33 [INFO] root: Loading model cache...
2025-11-22 14:13:34 [INFO] root: Applying name corrections...
2025-11-22 14:13:34 [INFO] root: Fetching daily schedule from NBA API...
2025-11-22 14:13:34 [INFO] root: Analyzing 576 props...
2025-11-22 14:13:43 [INFO] root: Saved results to output/processed_props.csv
2025-11-22 14:33:30 [INFO] root: Logging initialized. Writing to logs/unified_analyzer.log
2025-11-22 14:33:30 [INFO] root: >>> Starting Unified NBA Prop Analyzer (Odds-Free)
2025-11-22 14:33:30 [INFO] root: --- Loading Static Data Files ---
2025-11-22 14:33:30 [INFO] root: Loading model cache...
2025-11-22 14:33:31 [INFO] root: Applying name corrections...
2025-11-22 14:33:31 [INFO] root: Fetching daily schedule from NBA API...
2025-11-22 14:33:32 [INFO] root: Analyzing 576 props...
2025-11-22 14:33:40 [INFO] root: Saved results to output/processed_props.csv
2025-11-22 14:45:34 [INFO] root: Logging initialized. Writing to logs/unified_analyzer.log
2025-11-22 14:45:34 [INFO] root: >>> Starting Unified NBA Prop Analyzer (Odds-Free)
2025-11-22 14:45:34 [INFO] root: --- Loading Static Data Files ---
2025-11-22 14:45:34 [INFO] root: Loading model cache...
2025-11-22 14:45:35 [INFO] root: Applying name corrections...
2025-11-22 14:45:35 [INFO] root: Fetching daily schedule from NBA API...
2025-11-22 14:45:36 [INFO] root: Analyzing 576 props...
2025-11-22 14:45:44 [INFO] root: Saved results to output/processed_props.csv
2025-11-22 14:51:31 [INFO] root: Logging initialized. Writing to logs/unified_analyzer.log
2025-11-22 14:51:31 [INFO] root: >>> Starting Unified NBA Prop Analyzer (Odds-Free)
2025-11-22 14:51:31 [INFO] root: --- Loading Static Data Files ---
2025-11-22 14:51:32 [INFO] root: Loading model cache...
2025-11-22 14:51:33 [INFO] root: Applying name corrections...
2025-11-22 14:51:33 [INFO] root: Fetching daily schedule from NBA API...
2025-11-22 14:51:33 [INFO] root: Analyzing 576 props...
2025-11-22 14:51:41 [INFO] root: Saved results to output/processed_props.csv
2025-11-22 14:54:51 [INFO] root: Logging initialized. Writing to logs/unified_analyzer.log
2025-11-22 14:54:51 [INFO] root: >>> Starting Unified NBA Prop Analyzer (Odds-Free)
2025-11-22 14:54:51 [INFO] root: --- Loading Static Data Files ---
2025-11-22 14:54:51 [INFO] root: Loading model cache...
2025-11-22 14:54:52 [INFO] root: Applying name corrections...
2025-11-22 14:54:52 [INFO] root: Fetching daily schedule from NBA API...
2025-11-22 14:54:52 [INFO] root: Analyzing 576 props...
2025-11-22 14:55:00 [INFO] root: Saved results to output/processed_props.csv
2025-11-23 01:40:34 [INFO] root: Logging initialized. Writing to logs/unified_analyzer.log
2025-11-23 01:40:34 [INFO] root: >>> Starting Unified NBA Prop Analyzer (Odds-Free)
2025-11-23 01:40:34 [INFO] root: --- Loading Static Data Files ---
2025-11-23 01:40:34 [INFO] root: Loading model cache...
2025-11-23 01:40:36 [INFO] root: Applying name corrections...
2025-11-23 01:40:36 [INFO] root: Fetching daily schedule from NBA API...
2025-11-23 01:40:36 [INFO] root: Analyzing 93 props...
2025-11-23 01:40:37 [INFO] root: Saved results to output/processed_props.csv
2025-11-26 12:04:51 [INFO] root: Logging initialized. Writing to logs/unified_analyzer.log
2025-11-26 12:04:51 [INFO] root: >>> Starting Unified NBA Prop Analyzer (Odds-Free)
2025-11-26 12:04:51 [INFO] root: --- Loading Static Data Files ---
2025-11-26 12:04:52 [INFO] root: Loading model cache...
2025-11-26 12:04:53 [INFO] root: Applying name corrections...
2025-11-26 12:04:53 [INFO] root: Fetching daily schedule from NBA API...
2025-11-26 12:04:53 [INFO] root: Analyzing 389 props...
2025-11-26 12:04:57 [INFO] root: Saved results to output/processed_props.csv
2025-11-26 12:40:11 [INFO] root: Logging initialized. Writing to logs/unified_analyzer.log
2025-11-26 12:40:11 [INFO] root: >>> Starting Unified NBA Prop Analyzer (Odds-Free)
2025-11-26 12:40:11 [INFO] root: --- Loading Static Data Files ---
2025-11-26 12:40:11 [INFO] root: Loading model cache...
2025-11-26 12:40:13 [INFO] root: Applying name corrections...
2025-11-26 12:40:13 [INFO] root: Fetching daily schedule from NBA API...
2025-11-26 12:40:13 [INFO] root: Analyzing 389 props...
2025-11-26 12:40:17 [INFO] root: Saved results to output/processed_props.csv
