2025-11-22 03:31:22 [INFO] root: Logging initialized. Writing to logs/update_db.log
2025-11-22 03:31:22 [INFO] root: >>> STARTING DATASET BUILD (No Scrape/ETL)
2025-11-22 03:31:22 [INFO] root: Building Training Dataset...
2025-11-22 03:31:22 [INFO] root: --- Building Master Training Dataset ---
2025-11-22 03:31:22 [INFO] root: Merging Defense vs Position (DVP) stats...
2025-11-22 03:31:22 [INFO] root: Merging Team Stats...
2025-11-22 03:31:23 [INFO] root: Saved master_training_dataset.csv with 4613 rows and 574 features.
2025-11-22 03:31:23 [INFO] root: <<< DATASET BUILD COMPLETE
2025-11-22 03:34:44 [INFO] root: Logging initialized. Writing to logs/update_db.log
2025-11-22 03:34:44 [INFO] root: >>> STARTING DATASET BUILD (No Scrape/ETL)
2025-11-22 03:34:44 [INFO] root: Building Training Dataset...
2025-11-22 03:34:44 [INFO] root: --- Building Master Training Dataset ---
2025-11-22 03:34:44 [INFO] root: Calculating historical rolling features (this may take a moment)...
2025-11-22 03:34:45 [INFO] root: Merging Defense vs Position (DVP) stats...
2025-11-22 03:34:45 [INFO] root: Merging Team Stats...
2025-11-22 03:34:45 [INFO] root: Saved master_training_dataset.csv with 4613 rows and 641 features.
2025-11-22 03:34:45 [INFO] root: <<< DATASET BUILD COMPLETE
2025-11-22 03:38:25 [INFO] root: Logging initialized. Writing to logs/update_db.log
2025-11-22 03:38:25 [INFO] root: >>> STARTING DATASET BUILD (No Scrape/ETL)
2025-11-22 03:38:25 [INFO] root: Building Training Dataset...
2025-11-22 03:38:25 [INFO] root: --- Building Master Training Dataset ---
2025-11-22 03:38:25 [INFO] root: Calculating historical rolling features (this may take a moment)...
2025-11-22 03:38:26 [INFO] root: Merging Defense vs Position (DVP) stats...
2025-11-22 03:38:26 [INFO] root: Merging Team Stats...
2025-11-22 03:38:27 [INFO] root: Saved master_training_dataset.csv with 4613 rows and 640 features.
2025-11-22 03:38:27 [INFO] root: <<< DATASET BUILD COMPLETE
2025-11-26 12:19:48 [INFO] root: Logging initialized. Writing to logs/update_db.log
2025-11-26 12:19:48 [INFO] root: >>> STARTING DATASET BUILD (No Scrape/ETL)
2025-11-26 12:19:48 [INFO] root: Building Training Dataset...
2025-11-26 12:19:48 [INFO] root: --- Building Master Training Dataset ---
2025-11-26 12:19:48 [INFO] root: Calculating historical rolling features (this may take a moment)...
2025-11-26 12:19:48 [INFO] root: Merging Defense vs Position (DVP) stats...
2025-11-26 12:19:48 [INFO] root: Merging Team Stats...
2025-11-26 12:19:49 [INFO] root: Saved master_training_dataset.csv with 5143 rows and 640 features.
2025-11-26 12:19:49 [INFO] root: <<< DATASET BUILD COMPLETE
